<?xml version="1.0" encoding="UTF-8"?>
<testsuite name="blahg.controllers.PostControllerTest" tests="11" skipped="0" failures="0" errors="0" timestamp="2019-09-04T16:59:00" hostname="MacBook-Pro-4" time="12.268">
  <properties/>
  <testcase name="shouldUpdatePost" classname="blahg.controllers.PostControllerTest" time="1.418"/>
  <testcase name="shouldShowPost" classname="blahg.controllers.PostControllerTest" time="1.213"/>
  <testcase name="shouldShowAllPosts" classname="blahg.controllers.PostControllerTest" time="1.343"/>
  <testcase name="shouldCreatePost" classname="blahg.controllers.PostControllerTest" time="1.071"/>
  <testcase name="shouldDeletePost" classname="blahg.controllers.PostControllerTest" time="1.073"/>
  <testcase name="deleteShouldAuthorizeUser" classname="blahg.controllers.PostControllerTest" time="1.08"/>
  <testcase name="showReturnsErrorWhenIdDoesntMatch" classname="blahg.controllers.PostControllerTest" time="1.032"/>
  <testcase name="updateReturnsErrorWhenIdDoesntMatch" classname="blahg.controllers.PostControllerTest" time="1.036"/>
  <testcase name="contextLoads" classname="blahg.controllers.PostControllerTest" time="1.013"/>
  <testcase name="createShouldAuthorizeUser" classname="blahg.controllers.PostControllerTest" time="1.003"/>
  <testcase name="updateShouldAuthorizeUser" classname="blahg.controllers.PostControllerTest" time="0.983"/>
  <system-out><![CDATA[09:58:55.373 [Test worker] DEBUG org.springframework.test.context.junit4.SpringJUnit4ClassRunner - SpringJUnit4ClassRunner constructor called with [class blahg.controllers.PostControllerTest]
09:58:55.378 [Test worker] DEBUG org.springframework.test.context.BootstrapUtils - Instantiating CacheAwareContextLoaderDelegate from class [org.springframework.test.context.cache.DefaultCacheAwareContextLoaderDelegate]
09:58:55.385 [Test worker] DEBUG org.springframework.test.context.BootstrapUtils - Instantiating BootstrapContext using constructor [public org.springframework.test.context.support.DefaultBootstrapContext(java.lang.Class,org.springframework.test.context.CacheAwareContextLoaderDelegate)]
09:58:55.401 [Test worker] DEBUG org.springframework.test.context.BootstrapUtils - Instantiating TestContextBootstrapper for test class [blahg.controllers.PostControllerTest] from class [org.springframework.boot.test.context.SpringBootTestContextBootstrapper]
09:58:55.409 [Test worker] INFO org.springframework.boot.test.context.SpringBootTestContextBootstrapper - Neither @ContextConfiguration nor @ContextHierarchy found for test class [blahg.controllers.PostControllerTest], using SpringBootContextLoader
09:58:55.412 [Test worker] DEBUG org.springframework.test.context.support.AbstractContextLoader - Did not detect default resource location for test class [blahg.controllers.PostControllerTest]: class path resource [blahg/controllers/PostControllerTest-context.xml] does not exist
09:58:55.412 [Test worker] DEBUG org.springframework.test.context.support.AbstractContextLoader - Did not detect default resource location for test class [blahg.controllers.PostControllerTest]: class path resource [blahg/controllers/PostControllerTestContext.groovy] does not exist
09:58:55.412 [Test worker] INFO org.springframework.test.context.support.AbstractContextLoader - Could not detect default resource locations for test class [blahg.controllers.PostControllerTest]: no resource found for suffixes {-context.xml, Context.groovy}.
09:58:55.449 [Test worker] DEBUG org.springframework.test.context.support.ActiveProfilesUtils - Could not find an 'annotation declaring class' for annotation type [org.springframework.test.context.ActiveProfiles] and class [blahg.controllers.PostControllerTest]
09:58:55.555 [Test worker] DEBUG org.springframework.boot.test.context.SpringBootTestContextBootstrapper - @TestExecutionListeners is not present for class [blahg.controllers.PostControllerTest]: using defaults.
09:58:55.555 [Test worker] INFO org.springframework.boot.test.context.SpringBootTestContextBootstrapper - Loaded default TestExecutionListener class names from location [META-INF/spring.factories]: [org.springframework.security.test.context.support.WithSecurityContextTestExecutionListener, org.springframework.security.test.context.support.ReactorContextTestExecutionListener, org.springframework.boot.test.autoconfigure.restdocs.RestDocsTestExecutionListener, org.springframework.boot.test.autoconfigure.web.client.MockRestServiceServerResetTestExecutionListener, org.springframework.boot.test.autoconfigure.web.servlet.MockMvcPrintOnlyOnFailureTestExecutionListener, org.springframework.boot.test.autoconfigure.web.servlet.WebDriverTestExecutionListener, org.springframework.boot.test.mock.mockito.MockitoTestExecutionListener, org.springframework.boot.test.mock.mockito.ResetMocksTestExecutionListener, org.springframework.test.context.web.ServletTestExecutionListener, org.springframework.test.context.support.DirtiesContextBeforeModesTestExecutionListener, org.springframework.test.context.support.DependencyInjectionTestExecutionListener, org.springframework.test.context.support.DirtiesContextTestExecutionListener, org.springframework.test.context.transaction.TransactionalTestExecutionListener, org.springframework.test.context.jdbc.SqlScriptsTestExecutionListener]
09:58:55.571 [Test worker] INFO org.springframework.boot.test.context.SpringBootTestContextBootstrapper - Using TestExecutionListeners: [org.springframework.test.context.web.ServletTestExecutionListener@4a6916af, org.springframework.test.context.support.DirtiesContextBeforeModesTestExecutionListener@1e5264de, org.springframework.boot.test.mock.mockito.MockitoTestExecutionListener@4abb096d, org.springframework.boot.test.autoconfigure.SpringBootDependencyInjectionTestExecutionListener@22ec5b4b, org.springframework.test.context.support.DirtiesContextTestExecutionListener@20b2edd7, org.springframework.test.context.transaction.TransactionalTestExecutionListener@2dcb198b, org.springframework.test.context.jdbc.SqlScriptsTestExecutionListener@3fa99d3e, org.springframework.security.test.context.support.WithSecurityContextTestExecutionListener@7fdfaf83, org.springframework.security.test.context.support.ReactorContextTestExecutionListener@483429fa, org.springframework.boot.test.autoconfigure.restdocs.RestDocsTestExecutionListener@3dc66636, org.springframework.boot.test.autoconfigure.web.client.MockRestServiceServerResetTestExecutionListener@4ef55cdd, org.springframework.boot.test.autoconfigure.web.servlet.MockMvcPrintOnlyOnFailureTestExecutionListener@4cd45137, org.springframework.boot.test.autoconfigure.web.servlet.WebDriverTestExecutionListener@2546daae, org.springframework.boot.test.mock.mockito.ResetMocksTestExecutionListener@2b3fefe6]
09:58:55.573 [Test worker] DEBUG org.springframework.test.annotation.ProfileValueUtils - Retrieved @ProfileValueSourceConfiguration [null] for test class [blahg.controllers.PostControllerTest]
09:58:55.574 [Test worker] DEBUG org.springframework.test.annotation.ProfileValueUtils - Retrieved ProfileValueSource type [class org.springframework.test.annotation.SystemProfileValueSource] for class [blahg.controllers.PostControllerTest]
09:58:55.574 [Test worker] DEBUG org.springframework.test.annotation.ProfileValueUtils - Retrieved @ProfileValueSourceConfiguration [null] for test class [blahg.controllers.PostControllerTest]
09:58:55.575 [Test worker] DEBUG org.springframework.test.annotation.ProfileValueUtils - Retrieved ProfileValueSource type [class org.springframework.test.annotation.SystemProfileValueSource] for class [blahg.controllers.PostControllerTest]
09:58:55.579 [Test worker] DEBUG org.springframework.test.context.support.AbstractDirtiesContextTestExecutionListener - Before test class: context [DefaultTestContext@2f18660a testClass = PostControllerTest, testInstance = [null], testMethod = [null], testException = [null], mergedContextConfiguration = [WebMergedContextConfiguration@47dacca testClass = PostControllerTest, locations = '{}', classes = '{class blahg.Application, class blahg.Application}', contextInitializerClasses = '[]', activeProfiles = '{}', propertySourceLocations = '{}', propertySourceProperties = '{org.springframework.boot.test.context.SpringBootTestContextBootstrapper=true}', contextCustomizers = set[org.springframework.boot.test.autoconfigure.properties.PropertyMappingContextCustomizer@0, org.springframework.boot.test.autoconfigure.web.servlet.WebDriverContextCustomizerFactory$Customizer@1bb4c73f, org.springframework.boot.test.context.filter.ExcludeFilterContextCustomizer@52d2a001, org.springframework.boot.test.json.DuplicateJsonObjectContextCustomizerFactory$DuplicateJsonObjectContextCustomizer@2e9e9c47, org.springframework.boot.test.mock.mockito.MockitoContextCustomizer@0, org.springframework.boot.test.web.client.TestRestTemplateContextCustomizer@535afa69], resourceBasePath = 'src/main/webapp', contextLoader = 'org.springframework.boot.test.context.SpringBootContextLoader', parent = [null]], attributes = map['org.springframework.test.context.web.ServletTestExecutionListener.activateListener' -> true]], class annotated with @DirtiesContext [true] with mode [BEFORE_EACH_TEST_METHOD].
09:58:55.580 [Test worker] DEBUG org.springframework.test.annotation.ProfileValueUtils - Retrieved @ProfileValueSourceConfiguration [null] for test class [blahg.controllers.PostControllerTest]
09:58:55.580 [Test worker] DEBUG org.springframework.test.annotation.ProfileValueUtils - Retrieved ProfileValueSource type [class org.springframework.test.annotation.SystemProfileValueSource] for class [blahg.controllers.PostControllerTest]
09:58:55.715 [Test worker] DEBUG org.springframework.test.context.support.TestPropertySourceUtils - Adding inlined properties to environment: {spring.jmx.enabled=false, org.springframework.boot.test.context.SpringBootTestContextBootstrapper=true, server.port=-1}

  .   ____          _            __ _ _
 /\\ / ___'_ __ _ _(_)_ __  __ _ \ \ \ \
( ( )\___ | '_ | '_| | '_ \/ _` | \ \ \ \
 \\/  ___)| |_)| | | | | || (_| |  ) ) ) )
  '  |____| .__|_| |_|_| |_\__, | / / / /
 =========|_|==============|___/=/_/_/_/
 :: Spring Boot ::        (v2.1.6.RELEASE)

2019-09-04 09:58:55.925  INFO 48618 --- [    Test worker] blahg.controllers.PostControllerTest     : Starting PostControllerTest on MacBook-Pro-4 with PID 48618 (started by Travis in /Users/Travis/Development/8th-Light/Apprenticeship/sandbox/blahg)
2019-09-04 09:58:55.927  INFO 48618 --- [    Test worker] blahg.controllers.PostControllerTest     : No active profile set, falling back to default profiles: default
2019-09-04 09:58:56.558  INFO 48618 --- [    Test worker] .s.d.r.c.RepositoryConfigurationDelegate : Bootstrapping Spring Data repositories in DEFAULT mode.
2019-09-04 09:58:56.618  INFO 48618 --- [    Test worker] .s.d.r.c.RepositoryConfigurationDelegate : Finished Spring Data repository scanning in 52ms. Found 1 repository interfaces.
2019-09-04 09:58:57.079  INFO 48618 --- [    Test worker] trationDelegate$BeanPostProcessorChecker : Bean 'org.springframework.transaction.annotation.ProxyTransactionManagementConfiguration' of type [org.springframework.transaction.annotation.ProxyTransactionManagementConfiguration$$EnhancerBySpringCGLIB$$bdb57e30] is not eligible for getting processed by all BeanPostProcessors (for example: not eligible for auto-proxying)
2019-09-04 09:58:57.115  INFO 48618 --- [    Test worker] trationDelegate$BeanPostProcessorChecker : Bean 'org.springframework.hateoas.config.HateoasConfiguration' of type [org.springframework.hateoas.config.HateoasConfiguration$$EnhancerBySpringCGLIB$$3d35cb62] is not eligible for getting processed by all BeanPostProcessors (for example: not eligible for auto-proxying)
2019-09-04 09:58:57.263  INFO 48618 --- [    Test worker] com.zaxxer.hikari.HikariDataSource       : HikariPool-1 - Starting...
2019-09-04 09:58:57.460  INFO 48618 --- [    Test worker] com.zaxxer.hikari.HikariDataSource       : HikariPool-1 - Start completed.
2019-09-04 09:58:57.539  INFO 48618 --- [    Test worker] o.hibernate.jpa.internal.util.LogHelper  : HHH000204: Processing PersistenceUnitInfo [
	name: default
	...]
2019-09-04 09:58:57.597  INFO 48618 --- [    Test worker] org.hibernate.Version                    : HHH000412: Hibernate Core {5.3.10.Final}
2019-09-04 09:58:57.598  INFO 48618 --- [    Test worker] org.hibernate.cfg.Environment            : HHH000206: hibernate.properties not found
2019-09-04 09:58:57.729  INFO 48618 --- [    Test worker] o.hibernate.annotations.common.Version   : HCANN000001: Hibernate Commons Annotations {5.0.4.Final}
2019-09-04 09:58:57.861  INFO 48618 --- [    Test worker] org.hibernate.dialect.Dialect            : HHH000400: Using dialect: org.hibernate.dialect.H2Dialect
2019-09-04 09:58:58.443  INFO 48618 --- [    Test worker] o.h.t.schema.internal.SchemaCreatorImpl  : HHH000476: Executing import script 'org.hibernate.tool.schema.internal.exec.ScriptSourceInputNonExistentImpl@566577a1'
2019-09-04 09:58:58.447  INFO 48618 --- [    Test worker] j.LocalContainerEntityManagerFactoryBean : Initialized JPA EntityManagerFactory for persistence unit 'default'
2019-09-04 09:58:59.344  INFO 48618 --- [    Test worker] o.s.s.concurrent.ThreadPoolTaskExecutor  : Initializing ExecutorService 'applicationTaskExecutor'
2019-09-04 09:58:59.392  WARN 48618 --- [    Test worker] aWebConfiguration$JpaWebMvcConfiguration : spring.jpa.open-in-view is enabled by default. Therefore, database queries may be performed during view rendering. Explicitly configure spring.jpa.open-in-view to disable this warning
2019-09-04 09:59:00.071  INFO 48618 --- [    Test worker] o.s.s.web.DefaultSecurityFilterChain     : Creating filter chain: any request, [org.springframework.security.web.context.request.async.WebAsyncManagerIntegrationFilter@6100de92, org.springframework.security.web.context.SecurityContextPersistenceFilter@60de6852, org.springframework.security.web.header.HeaderWriterFilter@574268b3, org.springframework.security.web.csrf.CsrfFilter@37b4174, org.springframework.security.web.authentication.logout.LogoutFilter@81ab37f, org.springframework.security.oauth2.client.web.OAuth2AuthorizationRequestRedirectFilter@2df4e58e, org.springframework.security.oauth2.client.web.OAuth2LoginAuthenticationFilter@eb84d24, org.springframework.security.web.authentication.ui.DefaultLoginPageGeneratingFilter@758fe14d, org.springframework.security.web.authentication.ui.DefaultLogoutPageGeneratingFilter@2132f33d, org.springframework.security.web.savedrequest.RequestCacheAwareFilter@ab50d98, org.springframework.security.web.servletapi.SecurityContextHolderAwareRequestFilter@7b9730e, org.springframework.security.web.authentication.AnonymousAuthenticationFilter@4df852a8, org.springframework.security.web.session.SessionManagementFilter@520e1ab1, org.springframework.security.web.access.ExceptionTranslationFilter@1ea147c3, org.springframework.security.web.access.intercept.FilterSecurityInterceptor@5cf3a2fd]
2019-09-04 09:59:00.183  INFO 48618 --- [    Test worker] blahg.controllers.PostControllerTest     : Started PostControllerTest in 4.46 seconds (JVM running for 5.382)
2019-09-04 09:59:00.235  INFO 48618 --- [    Test worker] blahg.LoadDatabase                       : Preloading Post(id=1, title=Plumbus, body=Welcome to the exciting world of Plumbus ownership! A Plumbus will aid many things in life, making life easier. With proper maintenance, handling, storage, and urging, Plumbus will provide you with a lifetime of better living and happiness.)
2019-09-04 09:59:00.236  INFO 48618 --- [    Test worker] blahg.LoadDatabase                       : Preloading Post(id=2, title=Otter Space, body=A treatise on the ecology and territorial behaviors of river otters.)
2019-09-04 09:59:00.257  INFO 48618 --- [    Test worker] o.s.s.concurrent.ThreadPoolTaskExecutor  : Shutting down ExecutorService 'applicationTaskExecutor'
2019-09-04 09:59:00.258  INFO 48618 --- [    Test worker] j.LocalContainerEntityManagerFactoryBean : Closing JPA EntityManagerFactory for persistence unit 'default'
2019-09-04 09:59:00.259  INFO 48618 --- [    Test worker] .SchemaDropperImpl$DelayedDropActionImpl : HHH000477: Starting delayed evictData of schema as part of SessionFactory shut-down'
2019-09-04 09:59:00.263  INFO 48618 --- [    Test worker] com.zaxxer.hikari.HikariDataSource       : HikariPool-1 - Shutdown initiated...
2019-09-04 09:59:00.265  INFO 48618 --- [    Test worker] com.zaxxer.hikari.HikariDataSource       : HikariPool-1 - Shutdown completed.

  .   ____          _            __ _ _
 /\\ / ___'_ __ _ _(_)_ __  __ _ \ \ \ \
( ( )\___ | '_ | '_| | '_ \/ _` | \ \ \ \
 \\/  ___)| |_)| | | | | || (_| |  ) ) ) )
  '  |____| .__|_| |_|_| |_\__, | / / / /
 =========|_|==============|___/=/_/_/_/
 :: Spring Boot ::        (v2.1.6.RELEASE)

2019-09-04 09:59:00.282  INFO 48618 --- [    Test worker] blahg.controllers.PostControllerTest     : Starting PostControllerTest on MacBook-Pro-4 with PID 48618 (started by Travis in /Users/Travis/Development/8th-Light/Apprenticeship/sandbox/blahg)
2019-09-04 09:59:00.282  INFO 48618 --- [    Test worker] blahg.controllers.PostControllerTest     : No active profile set, falling back to default profiles: default
2019-09-04 09:59:00.420  INFO 48618 --- [    Test worker] .s.d.r.c.RepositoryConfigurationDelegate : Bootstrapping Spring Data repositories in DEFAULT mode.
2019-09-04 09:59:00.428  INFO 48618 --- [    Test worker] .s.d.r.c.RepositoryConfigurationDelegate : Finished Spring Data repository scanning in 8ms. Found 1 repository interfaces.
2019-09-04 09:59:00.505  INFO 48618 --- [    Test worker] trationDelegate$BeanPostProcessorChecker : Bean 'org.springframework.transaction.annotation.ProxyTransactionManagementConfiguration' of type [org.springframework.transaction.annotation.ProxyTransactionManagementConfiguration$$EnhancerBySpringCGLIB$$bdb57e30] is not eligible for getting processed by all BeanPostProcessors (for example: not eligible for auto-proxying)
2019-09-04 09:59:00.519  INFO 48618 --- [    Test worker] trationDelegate$BeanPostProcessorChecker : Bean 'org.springframework.hateoas.config.HateoasConfiguration' of type [org.springframework.hateoas.config.HateoasConfiguration$$EnhancerBySpringCGLIB$$3d35cb62] is not eligible for getting processed by all BeanPostProcessors (for example: not eligible for auto-proxying)
2019-09-04 09:59:00.576  INFO 48618 --- [    Test worker] com.zaxxer.hikari.HikariDataSource       : HikariPool-2 - Starting...
2019-09-04 09:59:00.577  INFO 48618 --- [    Test worker] com.zaxxer.hikari.HikariDataSource       : HikariPool-2 - Start completed.
2019-09-04 09:59:00.593  INFO 48618 --- [    Test worker] o.hibernate.jpa.internal.util.LogHelper  : HHH000204: Processing PersistenceUnitInfo [
	name: default
	...]
2019-09-04 09:59:00.598  INFO 48618 --- [    Test worker] org.hibernate.dialect.Dialect            : HHH000400: Using dialect: org.hibernate.dialect.H2Dialect
2019-09-04 09:59:00.632  INFO 48618 --- [    Test worker] o.h.t.schema.internal.SchemaCreatorImpl  : HHH000476: Executing import script 'org.hibernate.tool.schema.internal.exec.ScriptSourceInputNonExistentImpl@566577a1'
2019-09-04 09:59:00.632  INFO 48618 --- [    Test worker] j.LocalContainerEntityManagerFactoryBean : Initialized JPA EntityManagerFactory for persistence unit 'default'
2019-09-04 09:59:01.023  INFO 48618 --- [    Test worker] o.s.s.concurrent.ThreadPoolTaskExecutor  : Initializing ExecutorService 'applicationTaskExecutor'
2019-09-04 09:59:01.035  WARN 48618 --- [    Test worker] aWebConfiguration$JpaWebMvcConfiguration : spring.jpa.open-in-view is enabled by default. Therefore, database queries may be performed during view rendering. Explicitly configure spring.jpa.open-in-view to disable this warning
2019-09-04 09:59:01.315  INFO 48618 --- [    Test worker] o.s.s.web.DefaultSecurityFilterChain     : Creating filter chain: any request, [org.springframework.security.web.context.request.async.WebAsyncManagerIntegrationFilter@4423b47f, org.springframework.security.web.context.SecurityContextPersistenceFilter@2d71a450, org.springframework.security.web.header.HeaderWriterFilter@21a20975, org.springframework.security.web.csrf.CsrfFilter@7619fbcb, org.springframework.security.web.authentication.logout.LogoutFilter@17219941, org.springframework.security.oauth2.client.web.OAuth2AuthorizationRequestRedirectFilter@2af8caa0, org.springframework.security.oauth2.client.web.OAuth2LoginAuthenticationFilter@454a7511, org.springframework.security.web.authentication.ui.DefaultLoginPageGeneratingFilter@3752e8df, org.springframework.security.web.authentication.ui.DefaultLogoutPageGeneratingFilter@ab7b544, org.springframework.security.web.savedrequest.RequestCacheAwareFilter@6c7a2603, org.springframework.security.web.servletapi.SecurityContextHolderAwareRequestFilter@5da27358, org.springframework.security.web.authentication.AnonymousAuthenticationFilter@66f6c378, org.springframework.security.web.session.SessionManagementFilter@148fd2a9, org.springframework.security.web.access.ExceptionTranslationFilter@5fa3dd20, org.springframework.security.web.access.intercept.FilterSecurityInterceptor@67c533ec]
2019-09-04 09:59:01.385  INFO 48618 --- [    Test worker] blahg.controllers.PostControllerTest     : Started PostControllerTest in 1.118 seconds (JVM running for 6.584)
2019-09-04 09:59:01.391  INFO 48618 --- [    Test worker] blahg.LoadDatabase                       : Preloading Post(id=1, title=Plumbus, body=Welcome to the exciting world of Plumbus ownership! A Plumbus will aid many things in life, making life easier. With proper maintenance, handling, storage, and urging, Plumbus will provide you with a lifetime of better living and happiness.)
2019-09-04 09:59:01.392  INFO 48618 --- [    Test worker] blahg.LoadDatabase                       : Preloading Post(id=2, title=Otter Space, body=A treatise on the ecology and territorial behaviors of river otters.)
2019-09-04 09:59:01.452  INFO 48618 --- [    Test worker] o.s.b.t.m.w.SpringBootMockServletContext : Initializing Spring TestDispatcherServlet ''
2019-09-04 09:59:01.453  INFO 48618 --- [    Test worker] o.s.t.web.servlet.TestDispatcherServlet  : Initializing Servlet ''
2019-09-04 09:59:01.465  INFO 48618 --- [    Test worker] o.s.t.web.servlet.TestDispatcherServlet  : Completed initialization in 12 ms
2019-09-04 09:59:01.674  INFO 48618 --- [    Test worker] o.s.s.concurrent.ThreadPoolTaskExecutor  : Shutting down ExecutorService 'applicationTaskExecutor'
2019-09-04 09:59:01.675  INFO 48618 --- [    Test worker] j.LocalContainerEntityManagerFactoryBean : Closing JPA EntityManagerFactory for persistence unit 'default'
2019-09-04 09:59:01.675  INFO 48618 --- [    Test worker] .SchemaDropperImpl$DelayedDropActionImpl : HHH000477: Starting delayed evictData of schema as part of SessionFactory shut-down'
2019-09-04 09:59:01.676  INFO 48618 --- [    Test worker] com.zaxxer.hikari.HikariDataSource       : HikariPool-2 - Shutdown initiated...
2019-09-04 09:59:01.679  INFO 48618 --- [    Test worker] com.zaxxer.hikari.HikariDataSource       : HikariPool-2 - Shutdown completed.

  .   ____          _            __ _ _
 /\\ / ___'_ __ _ _(_)_ __  __ _ \ \ \ \
( ( )\___ | '_ | '_| | '_ \/ _` | \ \ \ \
 \\/  ___)| |_)| | | | | || (_| |  ) ) ) )
  '  |____| .__|_| |_|_| |_\__, | / / / /
 =========|_|==============|___/=/_/_/_/
 :: Spring Boot ::        (v2.1.6.RELEASE)

2019-09-04 09:59:01.697  INFO 48618 --- [    Test worker] blahg.controllers.PostControllerTest     : Starting PostControllerTest on MacBook-Pro-4 with PID 48618 (started by Travis in /Users/Travis/Development/8th-Light/Apprenticeship/sandbox/blahg)
2019-09-04 09:59:01.698  INFO 48618 --- [    Test worker] blahg.controllers.PostControllerTest     : No active profile set, falling back to default profiles: default
2019-09-04 09:59:01.838  INFO 48618 --- [    Test worker] .s.d.r.c.RepositoryConfigurationDelegate : Bootstrapping Spring Data repositories in DEFAULT mode.
2019-09-04 09:59:01.845  INFO 48618 --- [    Test worker] .s.d.r.c.RepositoryConfigurationDelegate : Finished Spring Data repository scanning in 7ms. Found 1 repository interfaces.
2019-09-04 09:59:01.903  INFO 48618 --- [    Test worker] trationDelegate$BeanPostProcessorChecker : Bean 'org.springframework.transaction.annotation.ProxyTransactionManagementConfiguration' of type [org.springframework.transaction.annotation.ProxyTransactionManagementConfiguration$$EnhancerBySpringCGLIB$$bdb57e30] is not eligible for getting processed by all BeanPostProcessors (for example: not eligible for auto-proxying)
2019-09-04 09:59:01.916  INFO 48618 --- [    Test worker] trationDelegate$BeanPostProcessorChecker : Bean 'org.springframework.hateoas.config.HateoasConfiguration' of type [org.springframework.hateoas.config.HateoasConfiguration$$EnhancerBySpringCGLIB$$3d35cb62] is not eligible for getting processed by all BeanPostProcessors (for example: not eligible for auto-proxying)
2019-09-04 09:59:01.974  INFO 48618 --- [    Test worker] com.zaxxer.hikari.HikariDataSource       : HikariPool-3 - Starting...
2019-09-04 09:59:01.975  INFO 48618 --- [    Test worker] com.zaxxer.hikari.HikariDataSource       : HikariPool-3 - Start completed.
2019-09-04 09:59:01.993  INFO 48618 --- [    Test worker] o.hibernate.jpa.internal.util.LogHelper  : HHH000204: Processing PersistenceUnitInfo [
	name: default
	...]
2019-09-04 09:59:01.998  INFO 48618 --- [    Test worker] org.hibernate.dialect.Dialect            : HHH000400: Using dialect: org.hibernate.dialect.H2Dialect
2019-09-04 09:59:02.032  INFO 48618 --- [    Test worker] o.h.t.schema.internal.SchemaCreatorImpl  : HHH000476: Executing import script 'org.hibernate.tool.schema.internal.exec.ScriptSourceInputNonExistentImpl@566577a1'
2019-09-04 09:59:02.032  INFO 48618 --- [    Test worker] j.LocalContainerEntityManagerFactoryBean : Initialized JPA EntityManagerFactory for persistence unit 'default'
2019-09-04 09:59:02.367  INFO 48618 --- [    Test worker] o.s.s.concurrent.ThreadPoolTaskExecutor  : Initializing ExecutorService 'applicationTaskExecutor'
2019-09-04 09:59:02.386  WARN 48618 --- [    Test worker] aWebConfiguration$JpaWebMvcConfiguration : spring.jpa.open-in-view is enabled by default. Therefore, database queries may be performed during view rendering. Explicitly configure spring.jpa.open-in-view to disable this warning
2019-09-04 09:59:02.760  INFO 48618 --- [    Test worker] o.s.s.web.DefaultSecurityFilterChain     : Creating filter chain: any request, [org.springframework.security.web.context.request.async.WebAsyncManagerIntegrationFilter@6a50c7db, org.springframework.security.web.context.SecurityContextPersistenceFilter@25b69eda, org.springframework.security.web.header.HeaderWriterFilter@62b45110, org.springframework.security.web.csrf.CsrfFilter@7887ccf0, org.springframework.security.web.authentication.logout.LogoutFilter@375c5336, org.springframework.security.oauth2.client.web.OAuth2AuthorizationRequestRedirectFilter@34c4f8a, org.springframework.security.oauth2.client.web.OAuth2LoginAuthenticationFilter@40f5a744, org.springframework.security.web.authentication.ui.DefaultLoginPageGeneratingFilter@260d5963, org.springframework.security.web.authentication.ui.DefaultLogoutPageGeneratingFilter@25c7aeb0, org.springframework.security.web.savedrequest.RequestCacheAwareFilter@4f34227, org.springframework.security.web.servletapi.SecurityContextHolderAwareRequestFilter@448fbf78, org.springframework.security.web.authentication.AnonymousAuthenticationFilter@4496959d, org.springframework.security.web.session.SessionManagementFilter@63903e14, org.springframework.security.web.access.ExceptionTranslationFilter@3dc394e7, org.springframework.security.web.access.intercept.FilterSecurityInterceptor@9f8d41d]
2019-09-04 09:59:02.850  INFO 48618 --- [    Test worker] blahg.controllers.PostControllerTest     : Started PostControllerTest in 1.169 seconds (JVM running for 8.049)
2019-09-04 09:59:02.856  INFO 48618 --- [    Test worker] blahg.LoadDatabase                       : Preloading Post(id=1, title=Plumbus, body=Welcome to the exciting world of Plumbus ownership! A Plumbus will aid many things in life, making life easier. With proper maintenance, handling, storage, and urging, Plumbus will provide you with a lifetime of better living and happiness.)
2019-09-04 09:59:02.858  INFO 48618 --- [    Test worker] blahg.LoadDatabase                       : Preloading Post(id=2, title=Otter Space, body=A treatise on the ecology and territorial behaviors of river otters.)
2019-09-04 09:59:02.863  INFO 48618 --- [    Test worker] o.s.b.t.m.w.SpringBootMockServletContext : Initializing Spring TestDispatcherServlet ''
2019-09-04 09:59:02.863  INFO 48618 --- [    Test worker] o.s.t.web.servlet.TestDispatcherServlet  : Initializing Servlet ''
2019-09-04 09:59:02.870  INFO 48618 --- [    Test worker] o.s.t.web.servlet.TestDispatcherServlet  : Completed initialization in 7 ms
2019-09-04 09:59:02.887  INFO 48618 --- [    Test worker] o.s.s.concurrent.ThreadPoolTaskExecutor  : Shutting down ExecutorService 'applicationTaskExecutor'
2019-09-04 09:59:02.888  INFO 48618 --- [    Test worker] j.LocalContainerEntityManagerFactoryBean : Closing JPA EntityManagerFactory for persistence unit 'default'
2019-09-04 09:59:02.888  INFO 48618 --- [    Test worker] .SchemaDropperImpl$DelayedDropActionImpl : HHH000477: Starting delayed evictData of schema as part of SessionFactory shut-down'
2019-09-04 09:59:02.889  INFO 48618 --- [    Test worker] com.zaxxer.hikari.HikariDataSource       : HikariPool-3 - Shutdown initiated...
2019-09-04 09:59:02.892  INFO 48618 --- [    Test worker] com.zaxxer.hikari.HikariDataSource       : HikariPool-3 - Shutdown completed.

  .   ____          _            __ _ _
 /\\ / ___'_ __ _ _(_)_ __  __ _ \ \ \ \
( ( )\___ | '_ | '_| | '_ \/ _` | \ \ \ \
 \\/  ___)| |_)| | | | | || (_| |  ) ) ) )
  '  |____| .__|_| |_|_| |_\__, | / / / /
 =========|_|==============|___/=/_/_/_/
 :: Spring Boot ::        (v2.1.6.RELEASE)

2019-09-04 09:59:02.909  INFO 48618 --- [    Test worker] blahg.controllers.PostControllerTest     : Starting PostControllerTest on MacBook-Pro-4 with PID 48618 (started by Travis in /Users/Travis/Development/8th-Light/Apprenticeship/sandbox/blahg)
2019-09-04 09:59:02.909  INFO 48618 --- [    Test worker] blahg.controllers.PostControllerTest     : No active profile set, falling back to default profiles: default
2019-09-04 09:59:03.049  INFO 48618 --- [    Test worker] .s.d.r.c.RepositoryConfigurationDelegate : Bootstrapping Spring Data repositories in DEFAULT mode.
2019-09-04 09:59:03.055  INFO 48618 --- [    Test worker] .s.d.r.c.RepositoryConfigurationDelegate : Finished Spring Data repository scanning in 6ms. Found 1 repository interfaces.
2019-09-04 09:59:03.114  INFO 48618 --- [    Test worker] trationDelegate$BeanPostProcessorChecker : Bean 'org.springframework.transaction.annotation.ProxyTransactionManagementConfiguration' of type [org.springframework.transaction.annotation.ProxyTransactionManagementConfiguration$$EnhancerBySpringCGLIB$$bdb57e30] is not eligible for getting processed by all BeanPostProcessors (for example: not eligible for auto-proxying)
2019-09-04 09:59:03.126  INFO 48618 --- [    Test worker] trationDelegate$BeanPostProcessorChecker : Bean 'org.springframework.hateoas.config.HateoasConfiguration' of type [org.springframework.hateoas.config.HateoasConfiguration$$EnhancerBySpringCGLIB$$3d35cb62] is not eligible for getting processed by all BeanPostProcessors (for example: not eligible for auto-proxying)
2019-09-04 09:59:03.179  INFO 48618 --- [    Test worker] com.zaxxer.hikari.HikariDataSource       : HikariPool-4 - Starting...
2019-09-04 09:59:03.180  INFO 48618 --- [    Test worker] com.zaxxer.hikari.HikariDataSource       : HikariPool-4 - Start completed.
2019-09-04 09:59:03.195  INFO 48618 --- [    Test worker] o.hibernate.jpa.internal.util.LogHelper  : HHH000204: Processing PersistenceUnitInfo [
	name: default
	...]
2019-09-04 09:59:03.199  INFO 48618 --- [    Test worker] org.hibernate.dialect.Dialect            : HHH000400: Using dialect: org.hibernate.dialect.H2Dialect
2019-09-04 09:59:03.236  INFO 48618 --- [    Test worker] o.h.t.schema.internal.SchemaCreatorImpl  : HHH000476: Executing import script 'org.hibernate.tool.schema.internal.exec.ScriptSourceInputNonExistentImpl@566577a1'
2019-09-04 09:59:03.236  INFO 48618 --- [    Test worker] j.LocalContainerEntityManagerFactoryBean : Initialized JPA EntityManagerFactory for persistence unit 'default'
2019-09-04 09:59:03.647  INFO 48618 --- [    Test worker] o.s.s.concurrent.ThreadPoolTaskExecutor  : Initializing ExecutorService 'applicationTaskExecutor'
2019-09-04 09:59:03.657  WARN 48618 --- [    Test worker] aWebConfiguration$JpaWebMvcConfiguration : spring.jpa.open-in-view is enabled by default. Therefore, database queries may be performed during view rendering. Explicitly configure spring.jpa.open-in-view to disable this warning
2019-09-04 09:59:03.976  INFO 48618 --- [    Test worker] o.s.s.web.DefaultSecurityFilterChain     : Creating filter chain: any request, [org.springframework.security.web.context.request.async.WebAsyncManagerIntegrationFilter@7b1a7a0c, org.springframework.security.web.context.SecurityContextPersistenceFilter@23bbbc9d, org.springframework.security.web.header.HeaderWriterFilter@7a7e4429, org.springframework.security.web.csrf.CsrfFilter@3f179b5a, org.springframework.security.web.authentication.logout.LogoutFilter@5e0fd916, org.springframework.security.oauth2.client.web.OAuth2AuthorizationRequestRedirectFilter@4d7d8168, org.springframework.security.oauth2.client.web.OAuth2LoginAuthenticationFilter@4033bb57, org.springframework.security.web.authentication.ui.DefaultLoginPageGeneratingFilter@202ec6da, org.springframework.security.web.authentication.ui.DefaultLogoutPageGeneratingFilter@42e0f95, org.springframework.security.web.savedrequest.RequestCacheAwareFilter@21f13bc9, org.springframework.security.web.servletapi.SecurityContextHolderAwareRequestFilter@29a66cd2, org.springframework.security.web.authentication.AnonymousAuthenticationFilter@2579a8b9, org.springframework.security.web.session.SessionManagementFilter@20f53e92, org.springframework.security.web.access.ExceptionTranslationFilter@1e139b78, org.springframework.security.web.access.intercept.FilterSecurityInterceptor@7081e94b]
2019-09-04 09:59:04.043  INFO 48618 --- [    Test worker] blahg.controllers.PostControllerTest     : Started PostControllerTest in 1.149 seconds (JVM running for 9.242)
2019-09-04 09:59:04.049  INFO 48618 --- [    Test worker] blahg.LoadDatabase                       : Preloading Post(id=1, title=Plumbus, body=Welcome to the exciting world of Plumbus ownership! A Plumbus will aid many things in life, making life easier. With proper maintenance, handling, storage, and urging, Plumbus will provide you with a lifetime of better living and happiness.)
2019-09-04 09:59:04.051  INFO 48618 --- [    Test worker] blahg.LoadDatabase                       : Preloading Post(id=2, title=Otter Space, body=A treatise on the ecology and territorial behaviors of river otters.)
2019-09-04 09:59:04.054  INFO 48618 --- [    Test worker] o.s.b.t.m.w.SpringBootMockServletContext : Initializing Spring TestDispatcherServlet ''
2019-09-04 09:59:04.054  INFO 48618 --- [    Test worker] o.s.t.web.servlet.TestDispatcherServlet  : Initializing Servlet ''
2019-09-04 09:59:04.061  INFO 48618 --- [    Test worker] o.s.t.web.servlet.TestDispatcherServlet  : Completed initialization in 6 ms
2019-09-04 09:59:04.098  INFO 48618 --- [    Test worker] o.h.h.i.QueryTranslatorFactoryInitiator  : HHH000397: Using ASTQueryTranslatorFactory
2019-09-04 09:59:04.230  INFO 48618 --- [    Test worker] o.s.s.concurrent.ThreadPoolTaskExecutor  : Shutting down ExecutorService 'applicationTaskExecutor'
2019-09-04 09:59:04.230  INFO 48618 --- [    Test worker] j.LocalContainerEntityManagerFactoryBean : Closing JPA EntityManagerFactory for persistence unit 'default'
2019-09-04 09:59:04.230  INFO 48618 --- [    Test worker] .SchemaDropperImpl$DelayedDropActionImpl : HHH000477: Starting delayed evictData of schema as part of SessionFactory shut-down'
2019-09-04 09:59:04.232  INFO 48618 --- [    Test worker] com.zaxxer.hikari.HikariDataSource       : HikariPool-4 - Shutdown initiated...
2019-09-04 09:59:04.235  INFO 48618 --- [    Test worker] com.zaxxer.hikari.HikariDataSource       : HikariPool-4 - Shutdown completed.

  .   ____          _            __ _ _
 /\\ / ___'_ __ _ _(_)_ __  __ _ \ \ \ \
( ( )\___ | '_ | '_| | '_ \/ _` | \ \ \ \
 \\/  ___)| |_)| | | | | || (_| |  ) ) ) )
  '  |____| .__|_| |_|_| |_\__, | / / / /
 =========|_|==============|___/=/_/_/_/
 :: Spring Boot ::        (v2.1.6.RELEASE)

2019-09-04 09:59:04.253  INFO 48618 --- [    Test worker] blahg.controllers.PostControllerTest     : Starting PostControllerTest on MacBook-Pro-4 with PID 48618 (started by Travis in /Users/Travis/Development/8th-Light/Apprenticeship/sandbox/blahg)
2019-09-04 09:59:04.253  INFO 48618 --- [    Test worker] blahg.controllers.PostControllerTest     : No active profile set, falling back to default profiles: default
2019-09-04 09:59:04.373  INFO 48618 --- [    Test worker] .s.d.r.c.RepositoryConfigurationDelegate : Bootstrapping Spring Data repositories in DEFAULT mode.
2019-09-04 09:59:04.379  INFO 48618 --- [    Test worker] .s.d.r.c.RepositoryConfigurationDelegate : Finished Spring Data repository scanning in 6ms. Found 1 repository interfaces.
2019-09-04 09:59:04.445  INFO 48618 --- [    Test worker] trationDelegate$BeanPostProcessorChecker : Bean 'org.springframework.transaction.annotation.ProxyTransactionManagementConfiguration' of type [org.springframework.transaction.annotation.ProxyTransactionManagementConfiguration$$EnhancerBySpringCGLIB$$bdb57e30] is not eligible for getting processed by all BeanPostProcessors (for example: not eligible for auto-proxying)
2019-09-04 09:59:04.459  INFO 48618 --- [    Test worker] trationDelegate$BeanPostProcessorChecker : Bean 'org.springframework.hateoas.config.HateoasConfiguration' of type [org.springframework.hateoas.config.HateoasConfiguration$$EnhancerBySpringCGLIB$$3d35cb62] is not eligible for getting processed by all BeanPostProcessors (for example: not eligible for auto-proxying)
2019-09-04 09:59:04.513  INFO 48618 --- [    Test worker] com.zaxxer.hikari.HikariDataSource       : HikariPool-5 - Starting...
2019-09-04 09:59:04.514  INFO 48618 --- [    Test worker] com.zaxxer.hikari.HikariDataSource       : HikariPool-5 - Start completed.
2019-09-04 09:59:04.530  INFO 48618 --- [    Test worker] o.hibernate.jpa.internal.util.LogHelper  : HHH000204: Processing PersistenceUnitInfo [
	name: default
	...]
2019-09-04 09:59:04.535  INFO 48618 --- [    Test worker] org.hibernate.dialect.Dialect            : HHH000400: Using dialect: org.hibernate.dialect.H2Dialect
2019-09-04 09:59:04.561  INFO 48618 --- [    Test worker] o.h.t.schema.internal.SchemaCreatorImpl  : HHH000476: Executing import script 'org.hibernate.tool.schema.internal.exec.ScriptSourceInputNonExistentImpl@566577a1'
2019-09-04 09:59:04.561  INFO 48618 --- [    Test worker] j.LocalContainerEntityManagerFactoryBean : Initialized JPA EntityManagerFactory for persistence unit 'default'
2019-09-04 09:59:04.887  INFO 48618 --- [    Test worker] o.s.s.concurrent.ThreadPoolTaskExecutor  : Initializing ExecutorService 'applicationTaskExecutor'
2019-09-04 09:59:04.897  WARN 48618 --- [    Test worker] aWebConfiguration$JpaWebMvcConfiguration : spring.jpa.open-in-view is enabled by default. Therefore, database queries may be performed during view rendering. Explicitly configure spring.jpa.open-in-view to disable this warning
2019-09-04 09:59:05.204  INFO 48618 --- [    Test worker] o.s.s.web.DefaultSecurityFilterChain     : Creating filter chain: any request, [org.springframework.security.web.context.request.async.WebAsyncManagerIntegrationFilter@29d2068c, org.springframework.security.web.context.SecurityContextPersistenceFilter@558d4303, org.springframework.security.web.header.HeaderWriterFilter@41b44820, org.springframework.security.web.csrf.CsrfFilter@458950fe, org.springframework.security.web.authentication.logout.LogoutFilter@54c463df, org.springframework.security.oauth2.client.web.OAuth2AuthorizationRequestRedirectFilter@1855791, org.springframework.security.oauth2.client.web.OAuth2LoginAuthenticationFilter@4361befe, org.springframework.security.web.authentication.ui.DefaultLoginPageGeneratingFilter@6beea0fa, org.springframework.security.web.authentication.ui.DefaultLogoutPageGeneratingFilter@519533af, org.springframework.security.web.savedrequest.RequestCacheAwareFilter@35f9bb7a, org.springframework.security.web.servletapi.SecurityContextHolderAwareRequestFilter@566f10ad, org.springframework.security.web.authentication.AnonymousAuthenticationFilter@7a07dfd3, org.springframework.security.web.session.SessionManagementFilter@5a8cf60c, org.springframework.security.web.access.ExceptionTranslationFilter@4825063e, org.springframework.security.web.access.intercept.FilterSecurityInterceptor@45c7bf16]
2019-09-04 09:59:05.269  INFO 48618 --- [    Test worker] blahg.controllers.PostControllerTest     : Started PostControllerTest in 1.033 seconds (JVM running for 10.468)
2019-09-04 09:59:05.274  INFO 48618 --- [    Test worker] blahg.LoadDatabase                       : Preloading Post(id=1, title=Plumbus, body=Welcome to the exciting world of Plumbus ownership! A Plumbus will aid many things in life, making life easier. With proper maintenance, handling, storage, and urging, Plumbus will provide you with a lifetime of better living and happiness.)
2019-09-04 09:59:05.275  INFO 48618 --- [    Test worker] blahg.LoadDatabase                       : Preloading Post(id=2, title=Otter Space, body=A treatise on the ecology and territorial behaviors of river otters.)
2019-09-04 09:59:05.280  INFO 48618 --- [    Test worker] o.s.b.t.m.w.SpringBootMockServletContext : Initializing Spring TestDispatcherServlet ''
2019-09-04 09:59:05.280  INFO 48618 --- [    Test worker] o.s.t.web.servlet.TestDispatcherServlet  : Initializing Servlet ''
2019-09-04 09:59:05.287  INFO 48618 --- [    Test worker] o.s.t.web.servlet.TestDispatcherServlet  : Completed initialization in 7 ms
2019-09-04 09:59:05.301  INFO 48618 --- [    Test worker] o.s.s.concurrent.ThreadPoolTaskExecutor  : Shutting down ExecutorService 'applicationTaskExecutor'
2019-09-04 09:59:05.301  INFO 48618 --- [    Test worker] j.LocalContainerEntityManagerFactoryBean : Closing JPA EntityManagerFactory for persistence unit 'default'
2019-09-04 09:59:05.301  INFO 48618 --- [    Test worker] .SchemaDropperImpl$DelayedDropActionImpl : HHH000477: Starting delayed evictData of schema as part of SessionFactory shut-down'
2019-09-04 09:59:05.302  INFO 48618 --- [    Test worker] com.zaxxer.hikari.HikariDataSource       : HikariPool-5 - Shutdown initiated...
2019-09-04 09:59:05.305  INFO 48618 --- [    Test worker] com.zaxxer.hikari.HikariDataSource       : HikariPool-5 - Shutdown completed.

  .   ____          _            __ _ _
 /\\ / ___'_ __ _ _(_)_ __  __ _ \ \ \ \
( ( )\___ | '_ | '_| | '_ \/ _` | \ \ \ \
 \\/  ___)| |_)| | | | | || (_| |  ) ) ) )
  '  |____| .__|_| |_|_| |_\__, | / / / /
 =========|_|==============|___/=/_/_/_/
 :: Spring Boot ::        (v2.1.6.RELEASE)

2019-09-04 09:59:05.321  INFO 48618 --- [    Test worker] blahg.controllers.PostControllerTest     : Starting PostControllerTest on MacBook-Pro-4 with PID 48618 (started by Travis in /Users/Travis/Development/8th-Light/Apprenticeship/sandbox/blahg)
2019-09-04 09:59:05.322  INFO 48618 --- [    Test worker] blahg.controllers.PostControllerTest     : No active profile set, falling back to default profiles: default
2019-09-04 09:59:05.446  INFO 48618 --- [    Test worker] .s.d.r.c.RepositoryConfigurationDelegate : Bootstrapping Spring Data repositories in DEFAULT mode.
2019-09-04 09:59:05.453  INFO 48618 --- [    Test worker] .s.d.r.c.RepositoryConfigurationDelegate : Finished Spring Data repository scanning in 7ms. Found 1 repository interfaces.
2019-09-04 09:59:05.512  INFO 48618 --- [    Test worker] trationDelegate$BeanPostProcessorChecker : Bean 'org.springframework.transaction.annotation.ProxyTransactionManagementConfiguration' of type [org.springframework.transaction.annotation.ProxyTransactionManagementConfiguration$$EnhancerBySpringCGLIB$$bdb57e30] is not eligible for getting processed by all BeanPostProcessors (for example: not eligible for auto-proxying)
2019-09-04 09:59:05.524  INFO 48618 --- [    Test worker] trationDelegate$BeanPostProcessorChecker : Bean 'org.springframework.hateoas.config.HateoasConfiguration' of type [org.springframework.hateoas.config.HateoasConfiguration$$EnhancerBySpringCGLIB$$3d35cb62] is not eligible for getting processed by all BeanPostProcessors (for example: not eligible for auto-proxying)
2019-09-04 09:59:05.577  INFO 48618 --- [    Test worker] com.zaxxer.hikari.HikariDataSource       : HikariPool-6 - Starting...
2019-09-04 09:59:05.578  INFO 48618 --- [    Test worker] com.zaxxer.hikari.HikariDataSource       : HikariPool-6 - Start completed.
2019-09-04 09:59:05.591  INFO 48618 --- [    Test worker] o.hibernate.jpa.internal.util.LogHelper  : HHH000204: Processing PersistenceUnitInfo [
	name: default
	...]
2019-09-04 09:59:05.595  INFO 48618 --- [    Test worker] org.hibernate.dialect.Dialect            : HHH000400: Using dialect: org.hibernate.dialect.H2Dialect
2019-09-04 09:59:05.621  INFO 48618 --- [    Test worker] o.h.t.schema.internal.SchemaCreatorImpl  : HHH000476: Executing import script 'org.hibernate.tool.schema.internal.exec.ScriptSourceInputNonExistentImpl@566577a1'
2019-09-04 09:59:05.622  INFO 48618 --- [    Test worker] j.LocalContainerEntityManagerFactoryBean : Initialized JPA EntityManagerFactory for persistence unit 'default'
2019-09-04 09:59:05.946  INFO 48618 --- [    Test worker] o.s.s.concurrent.ThreadPoolTaskExecutor  : Initializing ExecutorService 'applicationTaskExecutor'
2019-09-04 09:59:05.958  WARN 48618 --- [    Test worker] aWebConfiguration$JpaWebMvcConfiguration : spring.jpa.open-in-view is enabled by default. Therefore, database queries may be performed during view rendering. Explicitly configure spring.jpa.open-in-view to disable this warning
2019-09-04 09:59:06.270  INFO 48618 --- [    Test worker] o.s.s.web.DefaultSecurityFilterChain     : Creating filter chain: any request, [org.springframework.security.web.context.request.async.WebAsyncManagerIntegrationFilter@5f33b47b, org.springframework.security.web.context.SecurityContextPersistenceFilter@63ea0986, org.springframework.security.web.header.HeaderWriterFilter@27e4e74d, org.springframework.security.web.csrf.CsrfFilter@a088510, org.springframework.security.web.authentication.logout.LogoutFilter@3d31bba5, org.springframework.security.oauth2.client.web.OAuth2AuthorizationRequestRedirectFilter@3246ee3d, org.springframework.security.oauth2.client.web.OAuth2LoginAuthenticationFilter@31a2b1e5, org.springframework.security.web.authentication.ui.DefaultLoginPageGeneratingFilter@ea425ce, org.springframework.security.web.authentication.ui.DefaultLogoutPageGeneratingFilter@58f0d144, org.springframework.security.web.savedrequest.RequestCacheAwareFilter@23b9815, org.springframework.security.web.servletapi.SecurityContextHolderAwareRequestFilter@265d990, org.springframework.security.web.authentication.AnonymousAuthenticationFilter@5dc2fb61, org.springframework.security.web.session.SessionManagementFilter@2d842923, org.springframework.security.web.access.ExceptionTranslationFilter@349ab543, org.springframework.security.web.access.intercept.FilterSecurityInterceptor@3ad7a263]
2019-09-04 09:59:06.332  INFO 48618 --- [    Test worker] blahg.controllers.PostControllerTest     : Started PostControllerTest in 1.025 seconds (JVM running for 11.531)
2019-09-04 09:59:06.338  INFO 48618 --- [    Test worker] blahg.LoadDatabase                       : Preloading Post(id=1, title=Plumbus, body=Welcome to the exciting world of Plumbus ownership! A Plumbus will aid many things in life, making life easier. With proper maintenance, handling, storage, and urging, Plumbus will provide you with a lifetime of better living and happiness.)
2019-09-04 09:59:06.339  INFO 48618 --- [    Test worker] blahg.LoadDatabase                       : Preloading Post(id=2, title=Otter Space, body=A treatise on the ecology and territorial behaviors of river otters.)
2019-09-04 09:59:06.345  INFO 48618 --- [    Test worker] o.s.b.t.m.w.SpringBootMockServletContext : Initializing Spring TestDispatcherServlet ''
2019-09-04 09:59:06.345  INFO 48618 --- [    Test worker] o.s.t.web.servlet.TestDispatcherServlet  : Initializing Servlet ''
2019-09-04 09:59:06.353  INFO 48618 --- [    Test worker] o.s.t.web.servlet.TestDispatcherServlet  : Completed initialization in 7 ms
2019-09-04 09:59:06.374  INFO 48618 --- [    Test worker] o.s.s.concurrent.ThreadPoolTaskExecutor  : Shutting down ExecutorService 'applicationTaskExecutor'
2019-09-04 09:59:06.374  INFO 48618 --- [    Test worker] j.LocalContainerEntityManagerFactoryBean : Closing JPA EntityManagerFactory for persistence unit 'default'
2019-09-04 09:59:06.374  INFO 48618 --- [    Test worker] .SchemaDropperImpl$DelayedDropActionImpl : HHH000477: Starting delayed evictData of schema as part of SessionFactory shut-down'
2019-09-04 09:59:06.376  INFO 48618 --- [    Test worker] com.zaxxer.hikari.HikariDataSource       : HikariPool-6 - Shutdown initiated...
2019-09-04 09:59:06.377  INFO 48618 --- [    Test worker] com.zaxxer.hikari.HikariDataSource       : HikariPool-6 - Shutdown completed.

  .   ____          _            __ _ _
 /\\ / ___'_ __ _ _(_)_ __  __ _ \ \ \ \
( ( )\___ | '_ | '_| | '_ \/ _` | \ \ \ \
 \\/  ___)| |_)| | | | | || (_| |  ) ) ) )
  '  |____| .__|_| |_|_| |_\__, | / / / /
 =========|_|==============|___/=/_/_/_/
 :: Spring Boot ::        (v2.1.6.RELEASE)

2019-09-04 09:59:06.391  INFO 48618 --- [    Test worker] blahg.controllers.PostControllerTest     : Starting PostControllerTest on MacBook-Pro-4 with PID 48618 (started by Travis in /Users/Travis/Development/8th-Light/Apprenticeship/sandbox/blahg)
2019-09-04 09:59:06.391  INFO 48618 --- [    Test worker] blahg.controllers.PostControllerTest     : No active profile set, falling back to default profiles: default
2019-09-04 09:59:06.510  INFO 48618 --- [    Test worker] .s.d.r.c.RepositoryConfigurationDelegate : Bootstrapping Spring Data repositories in DEFAULT mode.
2019-09-04 09:59:06.517  INFO 48618 --- [    Test worker] .s.d.r.c.RepositoryConfigurationDelegate : Finished Spring Data repository scanning in 7ms. Found 1 repository interfaces.
2019-09-04 09:59:06.576  INFO 48618 --- [    Test worker] trationDelegate$BeanPostProcessorChecker : Bean 'org.springframework.transaction.annotation.ProxyTransactionManagementConfiguration' of type [org.springframework.transaction.annotation.ProxyTransactionManagementConfiguration$$EnhancerBySpringCGLIB$$bdb57e30] is not eligible for getting processed by all BeanPostProcessors (for example: not eligible for auto-proxying)
2019-09-04 09:59:06.588  INFO 48618 --- [    Test worker] trationDelegate$BeanPostProcessorChecker : Bean 'org.springframework.hateoas.config.HateoasConfiguration' of type [org.springframework.hateoas.config.HateoasConfiguration$$EnhancerBySpringCGLIB$$3d35cb62] is not eligible for getting processed by all BeanPostProcessors (for example: not eligible for auto-proxying)
2019-09-04 09:59:06.638  INFO 48618 --- [    Test worker] com.zaxxer.hikari.HikariDataSource       : HikariPool-7 - Starting...
2019-09-04 09:59:06.639  INFO 48618 --- [    Test worker] com.zaxxer.hikari.HikariDataSource       : HikariPool-7 - Start completed.
2019-09-04 09:59:06.656  INFO 48618 --- [    Test worker] o.hibernate.jpa.internal.util.LogHelper  : HHH000204: Processing PersistenceUnitInfo [
	name: default
	...]
2019-09-04 09:59:06.660  INFO 48618 --- [    Test worker] org.hibernate.dialect.Dialect            : HHH000400: Using dialect: org.hibernate.dialect.H2Dialect
2019-09-04 09:59:06.689  INFO 48618 --- [    Test worker] o.h.t.schema.internal.SchemaCreatorImpl  : HHH000476: Executing import script 'org.hibernate.tool.schema.internal.exec.ScriptSourceInputNonExistentImpl@566577a1'
2019-09-04 09:59:06.689  INFO 48618 --- [    Test worker] j.LocalContainerEntityManagerFactoryBean : Initialized JPA EntityManagerFactory for persistence unit 'default'
2019-09-04 09:59:07.041  INFO 48618 --- [    Test worker] o.s.s.concurrent.ThreadPoolTaskExecutor  : Initializing ExecutorService 'applicationTaskExecutor'
2019-09-04 09:59:07.053  WARN 48618 --- [    Test worker] aWebConfiguration$JpaWebMvcConfiguration : spring.jpa.open-in-view is enabled by default. Therefore, database queries may be performed during view rendering. Explicitly configure spring.jpa.open-in-view to disable this warning
2019-09-04 09:59:07.360  INFO 48618 --- [    Test worker] o.s.s.web.DefaultSecurityFilterChain     : Creating filter chain: any request, [org.springframework.security.web.context.request.async.WebAsyncManagerIntegrationFilter@3b207f39, org.springframework.security.web.context.SecurityContextPersistenceFilter@687eff21, org.springframework.security.web.header.HeaderWriterFilter@387b6b0e, org.springframework.security.web.csrf.CsrfFilter@4bd253f, org.springframework.security.web.authentication.logout.LogoutFilter@4d2039f2, org.springframework.security.oauth2.client.web.OAuth2AuthorizationRequestRedirectFilter@ac2f8a6, org.springframework.security.oauth2.client.web.OAuth2LoginAuthenticationFilter@8e1e896, org.springframework.security.web.authentication.ui.DefaultLoginPageGeneratingFilter@52384363, org.springframework.security.web.authentication.ui.DefaultLogoutPageGeneratingFilter@6f0798ca, org.springframework.security.web.savedrequest.RequestCacheAwareFilter@9f4fdc3, org.springframework.security.web.servletapi.SecurityContextHolderAwareRequestFilter@6ab4d4e8, org.springframework.security.web.authentication.AnonymousAuthenticationFilter@729d4a44, org.springframework.security.web.session.SessionManagementFilter@507a663, org.springframework.security.web.access.ExceptionTranslationFilter@180f2c89, org.springframework.security.web.access.intercept.FilterSecurityInterceptor@2d6f3384]
2019-09-04 09:59:07.425  INFO 48618 --- [    Test worker] blahg.controllers.PostControllerTest     : Started PostControllerTest in 1.047 seconds (JVM running for 12.624)
2019-09-04 09:59:07.431  INFO 48618 --- [    Test worker] blahg.LoadDatabase                       : Preloading Post(id=1, title=Plumbus, body=Welcome to the exciting world of Plumbus ownership! A Plumbus will aid many things in life, making life easier. With proper maintenance, handling, storage, and urging, Plumbus will provide you with a lifetime of better living and happiness.)
2019-09-04 09:59:07.432  INFO 48618 --- [    Test worker] blahg.LoadDatabase                       : Preloading Post(id=2, title=Otter Space, body=A treatise on the ecology and territorial behaviors of river otters.)
2019-09-04 09:59:07.437  INFO 48618 --- [    Test worker] o.s.b.t.m.w.SpringBootMockServletContext : Initializing Spring TestDispatcherServlet ''
2019-09-04 09:59:07.437  INFO 48618 --- [    Test worker] o.s.t.web.servlet.TestDispatcherServlet  : Initializing Servlet ''
2019-09-04 09:59:07.445  INFO 48618 --- [    Test worker] o.s.t.web.servlet.TestDispatcherServlet  : Completed initialization in 8 ms
2019-09-04 09:59:07.455  INFO 48618 --- [    Test worker] o.s.s.concurrent.ThreadPoolTaskExecutor  : Shutting down ExecutorService 'applicationTaskExecutor'
2019-09-04 09:59:07.455  INFO 48618 --- [    Test worker] j.LocalContainerEntityManagerFactoryBean : Closing JPA EntityManagerFactory for persistence unit 'default'
2019-09-04 09:59:07.455  INFO 48618 --- [    Test worker] .SchemaDropperImpl$DelayedDropActionImpl : HHH000477: Starting delayed evictData of schema as part of SessionFactory shut-down'
2019-09-04 09:59:07.457  INFO 48618 --- [    Test worker] com.zaxxer.hikari.HikariDataSource       : HikariPool-7 - Shutdown initiated...
2019-09-04 09:59:07.458  INFO 48618 --- [    Test worker] com.zaxxer.hikari.HikariDataSource       : HikariPool-7 - Shutdown completed.

  .   ____          _            __ _ _
 /\\ / ___'_ __ _ _(_)_ __  __ _ \ \ \ \
( ( )\___ | '_ | '_| | '_ \/ _` | \ \ \ \
 \\/  ___)| |_)| | | | | || (_| |  ) ) ) )
  '  |____| .__|_| |_|_| |_\__, | / / / /
 =========|_|==============|___/=/_/_/_/
 :: Spring Boot ::        (v2.1.6.RELEASE)

2019-09-04 09:59:07.478  INFO 48618 --- [    Test worker] blahg.controllers.PostControllerTest     : Starting PostControllerTest on MacBook-Pro-4 with PID 48618 (started by Travis in /Users/Travis/Development/8th-Light/Apprenticeship/sandbox/blahg)
2019-09-04 09:59:07.478  INFO 48618 --- [    Test worker] blahg.controllers.PostControllerTest     : No active profile set, falling back to default profiles: default
2019-09-04 09:59:07.599  INFO 48618 --- [    Test worker] .s.d.r.c.RepositoryConfigurationDelegate : Bootstrapping Spring Data repositories in DEFAULT mode.
2019-09-04 09:59:07.606  INFO 48618 --- [    Test worker] .s.d.r.c.RepositoryConfigurationDelegate : Finished Spring Data repository scanning in 7ms. Found 1 repository interfaces.
2019-09-04 09:59:07.664  INFO 48618 --- [    Test worker] trationDelegate$BeanPostProcessorChecker : Bean 'org.springframework.transaction.annotation.ProxyTransactionManagementConfiguration' of type [org.springframework.transaction.annotation.ProxyTransactionManagementConfiguration$$EnhancerBySpringCGLIB$$bdb57e30] is not eligible for getting processed by all BeanPostProcessors (for example: not eligible for auto-proxying)
2019-09-04 09:59:07.676  INFO 48618 --- [    Test worker] trationDelegate$BeanPostProcessorChecker : Bean 'org.springframework.hateoas.config.HateoasConfiguration' of type [org.springframework.hateoas.config.HateoasConfiguration$$EnhancerBySpringCGLIB$$3d35cb62] is not eligible for getting processed by all BeanPostProcessors (for example: not eligible for auto-proxying)
2019-09-04 09:59:07.726  INFO 48618 --- [    Test worker] com.zaxxer.hikari.HikariDataSource       : HikariPool-8 - Starting...
2019-09-04 09:59:07.727  INFO 48618 --- [    Test worker] com.zaxxer.hikari.HikariDataSource       : HikariPool-8 - Start completed.
2019-09-04 09:59:07.742  INFO 48618 --- [    Test worker] o.hibernate.jpa.internal.util.LogHelper  : HHH000204: Processing PersistenceUnitInfo [
	name: default
	...]
2019-09-04 09:59:07.746  INFO 48618 --- [    Test worker] org.hibernate.dialect.Dialect            : HHH000400: Using dialect: org.hibernate.dialect.H2Dialect
2019-09-04 09:59:07.774  INFO 48618 --- [    Test worker] o.h.t.schema.internal.SchemaCreatorImpl  : HHH000476: Executing import script 'org.hibernate.tool.schema.internal.exec.ScriptSourceInputNonExistentImpl@566577a1'
2019-09-04 09:59:07.775  INFO 48618 --- [    Test worker] j.LocalContainerEntityManagerFactoryBean : Initialized JPA EntityManagerFactory for persistence unit 'default'
2019-09-04 09:59:08.101  INFO 48618 --- [    Test worker] o.s.s.concurrent.ThreadPoolTaskExecutor  : Initializing ExecutorService 'applicationTaskExecutor'
2019-09-04 09:59:08.110  WARN 48618 --- [    Test worker] aWebConfiguration$JpaWebMvcConfiguration : spring.jpa.open-in-view is enabled by default. Therefore, database queries may be performed during view rendering. Explicitly configure spring.jpa.open-in-view to disable this warning
2019-09-04 09:59:08.382  INFO 48618 --- [    Test worker] o.s.s.web.DefaultSecurityFilterChain     : Creating filter chain: any request, [org.springframework.security.web.context.request.async.WebAsyncManagerIntegrationFilter@723fcaba, org.springframework.security.web.context.SecurityContextPersistenceFilter@6012af1e, org.springframework.security.web.header.HeaderWriterFilter@307bc9a3, org.springframework.security.web.csrf.CsrfFilter@49cb55b, org.springframework.security.web.authentication.logout.LogoutFilter@2d2b0d30, org.springframework.security.oauth2.client.web.OAuth2AuthorizationRequestRedirectFilter@6070afa, org.springframework.security.oauth2.client.web.OAuth2LoginAuthenticationFilter@6f5c0fbd, org.springframework.security.web.authentication.ui.DefaultLoginPageGeneratingFilter@58b43367, org.springframework.security.web.authentication.ui.DefaultLogoutPageGeneratingFilter@3d09db4c, org.springframework.security.web.savedrequest.RequestCacheAwareFilter@18a758aa, org.springframework.security.web.servletapi.SecurityContextHolderAwareRequestFilter@76ffaccc, org.springframework.security.web.authentication.AnonymousAuthenticationFilter@36746cd, org.springframework.security.web.session.SessionManagementFilter@1c5e410, org.springframework.security.web.access.ExceptionTranslationFilter@15fdb600, org.springframework.security.web.access.intercept.FilterSecurityInterceptor@350f4ec7]
2019-09-04 09:59:08.457  INFO 48618 --- [    Test worker] blahg.controllers.PostControllerTest     : Started PostControllerTest in 0.998 seconds (JVM running for 13.656)
2019-09-04 09:59:08.463  INFO 48618 --- [    Test worker] blahg.LoadDatabase                       : Preloading Post(id=1, title=Plumbus, body=Welcome to the exciting world of Plumbus ownership! A Plumbus will aid many things in life, making life easier. With proper maintenance, handling, storage, and urging, Plumbus will provide you with a lifetime of better living and happiness.)
2019-09-04 09:59:08.465  INFO 48618 --- [    Test worker] blahg.LoadDatabase                       : Preloading Post(id=2, title=Otter Space, body=A treatise on the ecology and territorial behaviors of river otters.)
2019-09-04 09:59:08.471  INFO 48618 --- [    Test worker] o.s.b.t.m.w.SpringBootMockServletContext : Initializing Spring TestDispatcherServlet ''
2019-09-04 09:59:08.471  INFO 48618 --- [    Test worker] o.s.t.web.servlet.TestDispatcherServlet  : Initializing Servlet ''
2019-09-04 09:59:08.479  INFO 48618 --- [    Test worker] o.s.t.web.servlet.TestDispatcherServlet  : Completed initialization in 8 ms
2019-09-04 09:59:08.487  INFO 48618 --- [    Test worker] o.s.s.concurrent.ThreadPoolTaskExecutor  : Shutting down ExecutorService 'applicationTaskExecutor'
2019-09-04 09:59:08.487  INFO 48618 --- [    Test worker] j.LocalContainerEntityManagerFactoryBean : Closing JPA EntityManagerFactory for persistence unit 'default'
2019-09-04 09:59:08.487  INFO 48618 --- [    Test worker] .SchemaDropperImpl$DelayedDropActionImpl : HHH000477: Starting delayed evictData of schema as part of SessionFactory shut-down'
2019-09-04 09:59:08.488  INFO 48618 --- [    Test worker] com.zaxxer.hikari.HikariDataSource       : HikariPool-8 - Shutdown initiated...
2019-09-04 09:59:08.490  INFO 48618 --- [    Test worker] com.zaxxer.hikari.HikariDataSource       : HikariPool-8 - Shutdown completed.

  .   ____          _            __ _ _
 /\\ / ___'_ __ _ _(_)_ __  __ _ \ \ \ \
( ( )\___ | '_ | '_| | '_ \/ _` | \ \ \ \
 \\/  ___)| |_)| | | | | || (_| |  ) ) ) )
  '  |____| .__|_| |_|_| |_\__, | / / / /
 =========|_|==============|___/=/_/_/_/
 :: Spring Boot ::        (v2.1.6.RELEASE)

2019-09-04 09:59:08.507  INFO 48618 --- [    Test worker] blahg.controllers.PostControllerTest     : Starting PostControllerTest on MacBook-Pro-4 with PID 48618 (started by Travis in /Users/Travis/Development/8th-Light/Apprenticeship/sandbox/blahg)
2019-09-04 09:59:08.508  INFO 48618 --- [    Test worker] blahg.controllers.PostControllerTest     : No active profile set, falling back to default profiles: default
2019-09-04 09:59:08.627  INFO 48618 --- [    Test worker] .s.d.r.c.RepositoryConfigurationDelegate : Bootstrapping Spring Data repositories in DEFAULT mode.
2019-09-04 09:59:08.635  INFO 48618 --- [    Test worker] .s.d.r.c.RepositoryConfigurationDelegate : Finished Spring Data repository scanning in 8ms. Found 1 repository interfaces.
2019-09-04 09:59:08.687  INFO 48618 --- [    Test worker] trationDelegate$BeanPostProcessorChecker : Bean 'org.springframework.transaction.annotation.ProxyTransactionManagementConfiguration' of type [org.springframework.transaction.annotation.ProxyTransactionManagementConfiguration$$EnhancerBySpringCGLIB$$bdb57e30] is not eligible for getting processed by all BeanPostProcessors (for example: not eligible for auto-proxying)
2019-09-04 09:59:08.702  INFO 48618 --- [    Test worker] trationDelegate$BeanPostProcessorChecker : Bean 'org.springframework.hateoas.config.HateoasConfiguration' of type [org.springframework.hateoas.config.HateoasConfiguration$$EnhancerBySpringCGLIB$$3d35cb62] is not eligible for getting processed by all BeanPostProcessors (for example: not eligible for auto-proxying)
2019-09-04 09:59:08.752  INFO 48618 --- [    Test worker] com.zaxxer.hikari.HikariDataSource       : HikariPool-9 - Starting...
2019-09-04 09:59:08.753  INFO 48618 --- [    Test worker] com.zaxxer.hikari.HikariDataSource       : HikariPool-9 - Start completed.
2019-09-04 09:59:08.767  INFO 48618 --- [    Test worker] o.hibernate.jpa.internal.util.LogHelper  : HHH000204: Processing PersistenceUnitInfo [
	name: default
	...]
2019-09-04 09:59:08.771  INFO 48618 --- [    Test worker] org.hibernate.dialect.Dialect            : HHH000400: Using dialect: org.hibernate.dialect.H2Dialect
2019-09-04 09:59:08.799  INFO 48618 --- [    Test worker] o.h.t.schema.internal.SchemaCreatorImpl  : HHH000476: Executing import script 'org.hibernate.tool.schema.internal.exec.ScriptSourceInputNonExistentImpl@566577a1'
2019-09-04 09:59:08.799  INFO 48618 --- [    Test worker] j.LocalContainerEntityManagerFactoryBean : Initialized JPA EntityManagerFactory for persistence unit 'default'
2019-09-04 09:59:09.143  INFO 48618 --- [    Test worker] o.s.s.concurrent.ThreadPoolTaskExecutor  : Initializing ExecutorService 'applicationTaskExecutor'
2019-09-04 09:59:09.152  WARN 48618 --- [    Test worker] aWebConfiguration$JpaWebMvcConfiguration : spring.jpa.open-in-view is enabled by default. Therefore, database queries may be performed during view rendering. Explicitly configure spring.jpa.open-in-view to disable this warning
2019-09-04 09:59:09.422  INFO 48618 --- [    Test worker] o.s.s.web.DefaultSecurityFilterChain     : Creating filter chain: any request, [org.springframework.security.web.context.request.async.WebAsyncManagerIntegrationFilter@7e5f84ca, org.springframework.security.web.context.SecurityContextPersistenceFilter@afa1801, org.springframework.security.web.header.HeaderWriterFilter@2d4ab7ff, org.springframework.security.web.csrf.CsrfFilter@6d6b40e, org.springframework.security.web.authentication.logout.LogoutFilter@4f7a4a6a, org.springframework.security.oauth2.client.web.OAuth2AuthorizationRequestRedirectFilter@2f3f1713, org.springframework.security.oauth2.client.web.OAuth2LoginAuthenticationFilter@17641f2f, org.springframework.security.web.authentication.ui.DefaultLoginPageGeneratingFilter@151a62d8, org.springframework.security.web.authentication.ui.DefaultLogoutPageGeneratingFilter@3d53281e, org.springframework.security.web.savedrequest.RequestCacheAwareFilter@2903cac8, org.springframework.security.web.servletapi.SecurityContextHolderAwareRequestFilter@510e6558, org.springframework.security.web.authentication.AnonymousAuthenticationFilter@6a833728, org.springframework.security.web.session.SessionManagementFilter@39bfbdfc, org.springframework.security.web.access.ExceptionTranslationFilter@10d6618f, org.springframework.security.web.access.intercept.FilterSecurityInterceptor@468e4e3]
2019-09-04 09:59:09.493  INFO 48618 --- [    Test worker] blahg.controllers.PostControllerTest     : Started PostControllerTest in 1.002 seconds (JVM running for 14.692)
2019-09-04 09:59:09.498  INFO 48618 --- [    Test worker] blahg.LoadDatabase                       : Preloading Post(id=1, title=Plumbus, body=Welcome to the exciting world of Plumbus ownership! A Plumbus will aid many things in life, making life easier. With proper maintenance, handling, storage, and urging, Plumbus will provide you with a lifetime of better living and happiness.)
2019-09-04 09:59:09.499  INFO 48618 --- [    Test worker] blahg.LoadDatabase                       : Preloading Post(id=2, title=Otter Space, body=A treatise on the ecology and territorial behaviors of river otters.)
2019-09-04 09:59:09.505  INFO 48618 --- [    Test worker] o.s.b.t.m.w.SpringBootMockServletContext : Initializing Spring TestDispatcherServlet ''
2019-09-04 09:59:09.505  INFO 48618 --- [    Test worker] o.s.t.web.servlet.TestDispatcherServlet  : Initializing Servlet ''
2019-09-04 09:59:09.513  INFO 48618 --- [    Test worker] o.s.t.web.servlet.TestDispatcherServlet  : Completed initialization in 8 ms
2019-09-04 09:59:09.524  INFO 48618 --- [    Test worker] o.s.s.concurrent.ThreadPoolTaskExecutor  : Shutting down ExecutorService 'applicationTaskExecutor'
2019-09-04 09:59:09.524  INFO 48618 --- [    Test worker] j.LocalContainerEntityManagerFactoryBean : Closing JPA EntityManagerFactory for persistence unit 'default'
2019-09-04 09:59:09.524  INFO 48618 --- [    Test worker] .SchemaDropperImpl$DelayedDropActionImpl : HHH000477: Starting delayed evictData of schema as part of SessionFactory shut-down'
2019-09-04 09:59:09.525  INFO 48618 --- [    Test worker] com.zaxxer.hikari.HikariDataSource       : HikariPool-9 - Shutdown initiated...
2019-09-04 09:59:09.526  INFO 48618 --- [    Test worker] com.zaxxer.hikari.HikariDataSource       : HikariPool-9 - Shutdown completed.

  .   ____          _            __ _ _
 /\\ / ___'_ __ _ _(_)_ __  __ _ \ \ \ \
( ( )\___ | '_ | '_| | '_ \/ _` | \ \ \ \
 \\/  ___)| |_)| | | | | || (_| |  ) ) ) )
  '  |____| .__|_| |_|_| |_\__, | / / / /
 =========|_|==============|___/=/_/_/_/
 :: Spring Boot ::        (v2.1.6.RELEASE)

2019-09-04 09:59:09.542  INFO 48618 --- [    Test worker] blahg.controllers.PostControllerTest     : Starting PostControllerTest on MacBook-Pro-4 with PID 48618 (started by Travis in /Users/Travis/Development/8th-Light/Apprenticeship/sandbox/blahg)
2019-09-04 09:59:09.542  INFO 48618 --- [    Test worker] blahg.controllers.PostControllerTest     : No active profile set, falling back to default profiles: default
2019-09-04 09:59:09.652  INFO 48618 --- [    Test worker] .s.d.r.c.RepositoryConfigurationDelegate : Bootstrapping Spring Data repositories in DEFAULT mode.
2019-09-04 09:59:09.658  INFO 48618 --- [    Test worker] .s.d.r.c.RepositoryConfigurationDelegate : Finished Spring Data repository scanning in 6ms. Found 1 repository interfaces.
2019-09-04 09:59:09.712  INFO 48618 --- [    Test worker] trationDelegate$BeanPostProcessorChecker : Bean 'org.springframework.transaction.annotation.ProxyTransactionManagementConfiguration' of type [org.springframework.transaction.annotation.ProxyTransactionManagementConfiguration$$EnhancerBySpringCGLIB$$bdb57e30] is not eligible for getting processed by all BeanPostProcessors (for example: not eligible for auto-proxying)
2019-09-04 09:59:09.724  INFO 48618 --- [    Test worker] trationDelegate$BeanPostProcessorChecker : Bean 'org.springframework.hateoas.config.HateoasConfiguration' of type [org.springframework.hateoas.config.HateoasConfiguration$$EnhancerBySpringCGLIB$$3d35cb62] is not eligible for getting processed by all BeanPostProcessors (for example: not eligible for auto-proxying)
2019-09-04 09:59:09.773  INFO 48618 --- [    Test worker] com.zaxxer.hikari.HikariDataSource       : HikariPool-10 - Starting...
2019-09-04 09:59:09.774  INFO 48618 --- [    Test worker] com.zaxxer.hikari.HikariDataSource       : HikariPool-10 - Start completed.
2019-09-04 09:59:09.788  INFO 48618 --- [    Test worker] o.hibernate.jpa.internal.util.LogHelper  : HHH000204: Processing PersistenceUnitInfo [
	name: default
	...]
2019-09-04 09:59:09.791  INFO 48618 --- [    Test worker] org.hibernate.dialect.Dialect            : HHH000400: Using dialect: org.hibernate.dialect.H2Dialect
2019-09-04 09:59:09.816  INFO 48618 --- [    Test worker] o.h.t.schema.internal.SchemaCreatorImpl  : HHH000476: Executing import script 'org.hibernate.tool.schema.internal.exec.ScriptSourceInputNonExistentImpl@566577a1'
2019-09-04 09:59:09.816  INFO 48618 --- [    Test worker] j.LocalContainerEntityManagerFactoryBean : Initialized JPA EntityManagerFactory for persistence unit 'default'
2019-09-04 09:59:10.162  INFO 48618 --- [    Test worker] o.s.s.concurrent.ThreadPoolTaskExecutor  : Initializing ExecutorService 'applicationTaskExecutor'
2019-09-04 09:59:10.170  WARN 48618 --- [    Test worker] aWebConfiguration$JpaWebMvcConfiguration : spring.jpa.open-in-view is enabled by default. Therefore, database queries may be performed during view rendering. Explicitly configure spring.jpa.open-in-view to disable this warning
2019-09-04 09:59:10.454  INFO 48618 --- [    Test worker] o.s.s.web.DefaultSecurityFilterChain     : Creating filter chain: any request, [org.springframework.security.web.context.request.async.WebAsyncManagerIntegrationFilter@47342d62, org.springframework.security.web.context.SecurityContextPersistenceFilter@607ebfc8, org.springframework.security.web.header.HeaderWriterFilter@2ca1abc, org.springframework.security.web.csrf.CsrfFilter@30246d32, org.springframework.security.web.authentication.logout.LogoutFilter@36d5d81c, org.springframework.security.oauth2.client.web.OAuth2AuthorizationRequestRedirectFilter@299459a0, org.springframework.security.oauth2.client.web.OAuth2LoginAuthenticationFilter@37f8b40b, org.springframework.security.web.authentication.ui.DefaultLoginPageGeneratingFilter@23c0b353, org.springframework.security.web.authentication.ui.DefaultLogoutPageGeneratingFilter@6873175f, org.springframework.security.web.savedrequest.RequestCacheAwareFilter@2d56e26, org.springframework.security.web.servletapi.SecurityContextHolderAwareRequestFilter@50989b3a, org.springframework.security.web.authentication.AnonymousAuthenticationFilter@63a11aa8, org.springframework.security.web.session.SessionManagementFilter@73200163, org.springframework.security.web.access.ExceptionTranslationFilter@33aa3c75, org.springframework.security.web.access.intercept.FilterSecurityInterceptor@6df84211]
2019-09-04 09:59:10.516  INFO 48618 --- [    Test worker] blahg.controllers.PostControllerTest     : Started PostControllerTest in 0.988 seconds (JVM running for 15.715)
2019-09-04 09:59:10.520  INFO 48618 --- [    Test worker] blahg.LoadDatabase                       : Preloading Post(id=1, title=Plumbus, body=Welcome to the exciting world of Plumbus ownership! A Plumbus will aid many things in life, making life easier. With proper maintenance, handling, storage, and urging, Plumbus will provide you with a lifetime of better living and happiness.)
2019-09-04 09:59:10.522  INFO 48618 --- [    Test worker] blahg.LoadDatabase                       : Preloading Post(id=2, title=Otter Space, body=A treatise on the ecology and territorial behaviors of river otters.)
2019-09-04 09:59:10.526  INFO 48618 --- [    Test worker] o.s.b.t.m.w.SpringBootMockServletContext : Initializing Spring TestDispatcherServlet ''
2019-09-04 09:59:10.526  INFO 48618 --- [    Test worker] o.s.t.web.servlet.TestDispatcherServlet  : Initializing Servlet ''
2019-09-04 09:59:10.534  INFO 48618 --- [    Test worker] o.s.t.web.servlet.TestDispatcherServlet  : Completed initialization in 8 ms
2019-09-04 09:59:10.536  INFO 48618 --- [    Test worker] o.s.s.concurrent.ThreadPoolTaskExecutor  : Shutting down ExecutorService 'applicationTaskExecutor'
2019-09-04 09:59:10.537  INFO 48618 --- [    Test worker] j.LocalContainerEntityManagerFactoryBean : Closing JPA EntityManagerFactory for persistence unit 'default'
2019-09-04 09:59:10.537  INFO 48618 --- [    Test worker] .SchemaDropperImpl$DelayedDropActionImpl : HHH000477: Starting delayed evictData of schema as part of SessionFactory shut-down'
2019-09-04 09:59:10.538  INFO 48618 --- [    Test worker] com.zaxxer.hikari.HikariDataSource       : HikariPool-10 - Shutdown initiated...
2019-09-04 09:59:10.539  INFO 48618 --- [    Test worker] com.zaxxer.hikari.HikariDataSource       : HikariPool-10 - Shutdown completed.

  .   ____          _            __ _ _
 /\\ / ___'_ __ _ _(_)_ __  __ _ \ \ \ \
( ( )\___ | '_ | '_| | '_ \/ _` | \ \ \ \
 \\/  ___)| |_)| | | | | || (_| |  ) ) ) )
  '  |____| .__|_| |_|_| |_\__, | / / / /
 =========|_|==============|___/=/_/_/_/
 :: Spring Boot ::        (v2.1.6.RELEASE)

2019-09-04 09:59:10.552  INFO 48618 --- [    Test worker] blahg.controllers.PostControllerTest     : Starting PostControllerTest on MacBook-Pro-4 with PID 48618 (started by Travis in /Users/Travis/Development/8th-Light/Apprenticeship/sandbox/blahg)
2019-09-04 09:59:10.553  INFO 48618 --- [    Test worker] blahg.controllers.PostControllerTest     : No active profile set, falling back to default profiles: default
2019-09-04 09:59:10.656  INFO 48618 --- [    Test worker] .s.d.r.c.RepositoryConfigurationDelegate : Bootstrapping Spring Data repositories in DEFAULT mode.
2019-09-04 09:59:10.663  INFO 48618 --- [    Test worker] .s.d.r.c.RepositoryConfigurationDelegate : Finished Spring Data repository scanning in 7ms. Found 1 repository interfaces.
2019-09-04 09:59:10.713  INFO 48618 --- [    Test worker] trationDelegate$BeanPostProcessorChecker : Bean 'org.springframework.transaction.annotation.ProxyTransactionManagementConfiguration' of type [org.springframework.transaction.annotation.ProxyTransactionManagementConfiguration$$EnhancerBySpringCGLIB$$bdb57e30] is not eligible for getting processed by all BeanPostProcessors (for example: not eligible for auto-proxying)
2019-09-04 09:59:10.725  INFO 48618 --- [    Test worker] trationDelegate$BeanPostProcessorChecker : Bean 'org.springframework.hateoas.config.HateoasConfiguration' of type [org.springframework.hateoas.config.HateoasConfiguration$$EnhancerBySpringCGLIB$$3d35cb62] is not eligible for getting processed by all BeanPostProcessors (for example: not eligible for auto-proxying)
2019-09-04 09:59:10.773  INFO 48618 --- [    Test worker] com.zaxxer.hikari.HikariDataSource       : HikariPool-11 - Starting...
2019-09-04 09:59:10.774  INFO 48618 --- [    Test worker] com.zaxxer.hikari.HikariDataSource       : HikariPool-11 - Start completed.
2019-09-04 09:59:10.787  INFO 48618 --- [    Test worker] o.hibernate.jpa.internal.util.LogHelper  : HHH000204: Processing PersistenceUnitInfo [
	name: default
	...]
2019-09-04 09:59:10.792  INFO 48618 --- [    Test worker] org.hibernate.dialect.Dialect            : HHH000400: Using dialect: org.hibernate.dialect.H2Dialect
2019-09-04 09:59:10.817  INFO 48618 --- [    Test worker] o.h.t.schema.internal.SchemaCreatorImpl  : HHH000476: Executing import script 'org.hibernate.tool.schema.internal.exec.ScriptSourceInputNonExistentImpl@566577a1'
2019-09-04 09:59:10.818  INFO 48618 --- [    Test worker] j.LocalContainerEntityManagerFactoryBean : Initialized JPA EntityManagerFactory for persistence unit 'default'
2019-09-04 09:59:11.155  INFO 48618 --- [    Test worker] o.s.s.concurrent.ThreadPoolTaskExecutor  : Initializing ExecutorService 'applicationTaskExecutor'
2019-09-04 09:59:11.165  WARN 48618 --- [    Test worker] aWebConfiguration$JpaWebMvcConfiguration : spring.jpa.open-in-view is enabled by default. Therefore, database queries may be performed during view rendering. Explicitly configure spring.jpa.open-in-view to disable this warning
2019-09-04 09:59:11.457  INFO 48618 --- [    Test worker] o.s.s.web.DefaultSecurityFilterChain     : Creating filter chain: any request, [org.springframework.security.web.context.request.async.WebAsyncManagerIntegrationFilter@507e3fc9, org.springframework.security.web.context.SecurityContextPersistenceFilter@72efa0b0, org.springframework.security.web.header.HeaderWriterFilter@65e9b808, org.springframework.security.web.csrf.CsrfFilter@72cf2fdc, org.springframework.security.web.authentication.logout.LogoutFilter@6019600d, org.springframework.security.oauth2.client.web.OAuth2AuthorizationRequestRedirectFilter@3fc70c8b, org.springframework.security.oauth2.client.web.OAuth2LoginAuthenticationFilter@6f7b49c0, org.springframework.security.web.authentication.ui.DefaultLoginPageGeneratingFilter@6f7ca772, org.springframework.security.web.authentication.ui.DefaultLogoutPageGeneratingFilter@379b472c, org.springframework.security.web.savedrequest.RequestCacheAwareFilter@10f33302, org.springframework.security.web.servletapi.SecurityContextHolderAwareRequestFilter@38f2f0ec, org.springframework.security.web.authentication.AnonymousAuthenticationFilter@30bfa600, org.springframework.security.web.session.SessionManagementFilter@79d5d199, org.springframework.security.web.access.ExceptionTranslationFilter@52e6131c, org.springframework.security.web.access.intercept.FilterSecurityInterceptor@5206a09a]
2019-09-04 09:59:11.520  INFO 48618 --- [    Test worker] blahg.controllers.PostControllerTest     : Started PostControllerTest in 0.979 seconds (JVM running for 16.719)
2019-09-04 09:59:11.525  INFO 48618 --- [    Test worker] blahg.LoadDatabase                       : Preloading Post(id=1, title=Plumbus, body=Welcome to the exciting world of Plumbus ownership! A Plumbus will aid many things in life, making life easier. With proper maintenance, handling, storage, and urging, Plumbus will provide you with a lifetime of better living and happiness.)
2019-09-04 09:59:11.526  INFO 48618 --- [    Test worker] blahg.LoadDatabase                       : Preloading Post(id=2, title=Otter Space, body=A treatise on the ecology and territorial behaviors of river otters.)
2019-09-04 09:59:11.530  INFO 48618 --- [    Test worker] o.s.b.t.m.w.SpringBootMockServletContext : Initializing Spring TestDispatcherServlet ''
2019-09-04 09:59:11.530  INFO 48618 --- [    Test worker] o.s.t.web.servlet.TestDispatcherServlet  : Initializing Servlet ''
2019-09-04 09:59:11.536  INFO 48618 --- [    Test worker] o.s.t.web.servlet.TestDispatcherServlet  : Completed initialization in 6 ms
2019-09-04 09:59:11.540  INFO 48618 --- [    Test worker] o.s.s.concurrent.ThreadPoolTaskExecutor  : Shutting down ExecutorService 'applicationTaskExecutor'
2019-09-04 09:59:11.541  INFO 48618 --- [    Test worker] j.LocalContainerEntityManagerFactoryBean : Closing JPA EntityManagerFactory for persistence unit 'default'
2019-09-04 09:59:11.541  INFO 48618 --- [    Test worker] .SchemaDropperImpl$DelayedDropActionImpl : HHH000477: Starting delayed evictData of schema as part of SessionFactory shut-down'
2019-09-04 09:59:11.542  INFO 48618 --- [    Test worker] com.zaxxer.hikari.HikariDataSource       : HikariPool-11 - Shutdown initiated...
2019-09-04 09:59:11.543  INFO 48618 --- [    Test worker] com.zaxxer.hikari.HikariDataSource       : HikariPool-11 - Shutdown completed.

  .   ____          _            __ _ _
 /\\ / ___'_ __ _ _(_)_ __  __ _ \ \ \ \
( ( )\___ | '_ | '_| | '_ \/ _` | \ \ \ \
 \\/  ___)| |_)| | | | | || (_| |  ) ) ) )
  '  |____| .__|_| |_|_| |_\__, | / / / /
 =========|_|==============|___/=/_/_/_/
 :: Spring Boot ::        (v2.1.6.RELEASE)

2019-09-04 09:59:11.560  INFO 48618 --- [    Test worker] blahg.controllers.PostControllerTest     : Starting PostControllerTest on MacBook-Pro-4 with PID 48618 (started by Travis in /Users/Travis/Development/8th-Light/Apprenticeship/sandbox/blahg)
2019-09-04 09:59:11.560  INFO 48618 --- [    Test worker] blahg.controllers.PostControllerTest     : No active profile set, falling back to default profiles: default
2019-09-04 09:59:11.675  INFO 48618 --- [    Test worker] .s.d.r.c.RepositoryConfigurationDelegate : Bootstrapping Spring Data repositories in DEFAULT mode.
2019-09-04 09:59:11.680  INFO 48618 --- [    Test worker] .s.d.r.c.RepositoryConfigurationDelegate : Finished Spring Data repository scanning in 5ms. Found 1 repository interfaces.
2019-09-04 09:59:11.733  INFO 48618 --- [    Test worker] trationDelegate$BeanPostProcessorChecker : Bean 'org.springframework.transaction.annotation.ProxyTransactionManagementConfiguration' of type [org.springframework.transaction.annotation.ProxyTransactionManagementConfiguration$$EnhancerBySpringCGLIB$$bdb57e30] is not eligible for getting processed by all BeanPostProcessors (for example: not eligible for auto-proxying)
2019-09-04 09:59:11.748  INFO 48618 --- [    Test worker] trationDelegate$BeanPostProcessorChecker : Bean 'org.springframework.hateoas.config.HateoasConfiguration' of type [org.springframework.hateoas.config.HateoasConfiguration$$EnhancerBySpringCGLIB$$3d35cb62] is not eligible for getting processed by all BeanPostProcessors (for example: not eligible for auto-proxying)
2019-09-04 09:59:11.793  INFO 48618 --- [    Test worker] com.zaxxer.hikari.HikariDataSource       : HikariPool-12 - Starting...
2019-09-04 09:59:11.794  INFO 48618 --- [    Test worker] com.zaxxer.hikari.HikariDataSource       : HikariPool-12 - Start completed.
2019-09-04 09:59:11.807  INFO 48618 --- [    Test worker] o.hibernate.jpa.internal.util.LogHelper  : HHH000204: Processing PersistenceUnitInfo [
	name: default
	...]
2019-09-04 09:59:11.811  INFO 48618 --- [    Test worker] org.hibernate.dialect.Dialect            : HHH000400: Using dialect: org.hibernate.dialect.H2Dialect
2019-09-04 09:59:11.835  INFO 48618 --- [    Test worker] o.h.t.schema.internal.SchemaCreatorImpl  : HHH000476: Executing import script 'org.hibernate.tool.schema.internal.exec.ScriptSourceInputNonExistentImpl@566577a1'
2019-09-04 09:59:11.836  INFO 48618 --- [    Test worker] j.LocalContainerEntityManagerFactoryBean : Initialized JPA EntityManagerFactory for persistence unit 'default'
2019-09-04 09:59:12.162  INFO 48618 --- [    Test worker] o.s.s.concurrent.ThreadPoolTaskExecutor  : Initializing ExecutorService 'applicationTaskExecutor'
2019-09-04 09:59:12.171  WARN 48618 --- [    Test worker] aWebConfiguration$JpaWebMvcConfiguration : spring.jpa.open-in-view is enabled by default. Therefore, database queries may be performed during view rendering. Explicitly configure spring.jpa.open-in-view to disable this warning
2019-09-04 09:59:12.436  INFO 48618 --- [    Test worker] o.s.s.web.DefaultSecurityFilterChain     : Creating filter chain: any request, [org.springframework.security.web.context.request.async.WebAsyncManagerIntegrationFilter@7f4df81d, org.springframework.security.web.context.SecurityContextPersistenceFilter@1251a898, org.springframework.security.web.header.HeaderWriterFilter@508c6428, org.springframework.security.web.csrf.CsrfFilter@5e8b56af, org.springframework.security.web.authentication.logout.LogoutFilter@2108eab1, org.springframework.security.oauth2.client.web.OAuth2AuthorizationRequestRedirectFilter@72f75763, org.springframework.security.oauth2.client.web.OAuth2LoginAuthenticationFilter@a8a6607, org.springframework.security.web.authentication.ui.DefaultLoginPageGeneratingFilter@3e028081, org.springframework.security.web.authentication.ui.DefaultLogoutPageGeneratingFilter@76efcd98, org.springframework.security.web.savedrequest.RequestCacheAwareFilter@46eaa8a0, org.springframework.security.web.servletapi.SecurityContextHolderAwareRequestFilter@75743971, org.springframework.security.web.authentication.AnonymousAuthenticationFilter@3eebc069, org.springframework.security.web.session.SessionManagementFilter@16ebbac4, org.springframework.security.web.access.ExceptionTranslationFilter@48c3858f, org.springframework.security.web.access.intercept.FilterSecurityInterceptor@a60696d]
2019-09-04 09:59:12.501  INFO 48618 --- [    Test worker] blahg.controllers.PostControllerTest     : Started PostControllerTest in 0.957 seconds (JVM running for 17.7)
2019-09-04 09:59:12.505  INFO 48618 --- [    Test worker] blahg.LoadDatabase                       : Preloading Post(id=1, title=Plumbus, body=Welcome to the exciting world of Plumbus ownership! A Plumbus will aid many things in life, making life easier. With proper maintenance, handling, storage, and urging, Plumbus will provide you with a lifetime of better living and happiness.)
2019-09-04 09:59:12.507  INFO 48618 --- [    Test worker] blahg.LoadDatabase                       : Preloading Post(id=2, title=Otter Space, body=A treatise on the ecology and territorial behaviors of river otters.)
2019-09-04 09:59:12.511  INFO 48618 --- [    Test worker] o.s.b.t.m.w.SpringBootMockServletContext : Initializing Spring TestDispatcherServlet ''
2019-09-04 09:59:12.511  INFO 48618 --- [    Test worker] o.s.t.web.servlet.TestDispatcherServlet  : Initializing Servlet ''
2019-09-04 09:59:12.519  INFO 48618 --- [    Test worker] o.s.t.web.servlet.TestDispatcherServlet  : Completed initialization in 8 ms
]]></system-out>
  <system-err><![CDATA[]]></system-err>
</testsuite>
