<?xml version="1.0" encoding="UTF-8"?>
<testsuite name="blahg.models.PostTest" tests="1" skipped="0" failures="0" errors="0" timestamp="2019-08-26T20:05:46" hostname="MacBook-Pro-4" time="0.91">
  <properties/>
  <testcase name="shouldFormatPostAsString" classname="blahg.models.PostTest" time="0.91"/>
  <system-out><![CDATA[13:05:42.645 [Test worker] DEBUG org.springframework.test.context.junit4.SpringJUnit4ClassRunner - SpringJUnit4ClassRunner constructor called with [class blahg.models.PostTest]
13:05:42.650 [Test worker] DEBUG org.springframework.test.context.BootstrapUtils - Instantiating CacheAwareContextLoaderDelegate from class [org.springframework.test.context.cache.DefaultCacheAwareContextLoaderDelegate]
13:05:42.657 [Test worker] DEBUG org.springframework.test.context.BootstrapUtils - Instantiating BootstrapContext using constructor [public org.springframework.test.context.support.DefaultBootstrapContext(java.lang.Class,org.springframework.test.context.CacheAwareContextLoaderDelegate)]
13:05:42.674 [Test worker] DEBUG org.springframework.test.context.BootstrapUtils - Instantiating TestContextBootstrapper for test class [blahg.models.PostTest] from class [org.springframework.boot.test.context.SpringBootTestContextBootstrapper]
13:05:42.684 [Test worker] INFO org.springframework.boot.test.context.SpringBootTestContextBootstrapper - Neither @ContextConfiguration nor @ContextHierarchy found for test class [blahg.models.PostTest], using SpringBootContextLoader
13:05:42.687 [Test worker] DEBUG org.springframework.test.context.support.AbstractContextLoader - Did not detect default resource location for test class [blahg.models.PostTest]: class path resource [blahg/models/PostTest-context.xml] does not exist
13:05:42.687 [Test worker] DEBUG org.springframework.test.context.support.AbstractContextLoader - Did not detect default resource location for test class [blahg.models.PostTest]: class path resource [blahg/models/PostTestContext.groovy] does not exist
13:05:42.687 [Test worker] INFO org.springframework.test.context.support.AbstractContextLoader - Could not detect default resource locations for test class [blahg.models.PostTest]: no resource found for suffixes {-context.xml, Context.groovy}.
13:05:42.688 [Test worker] INFO org.springframework.test.context.support.AnnotationConfigContextLoaderUtils - Could not detect default configuration classes for test class [blahg.models.PostTest]: PostTest does not declare any static, non-private, non-final, nested classes annotated with @Configuration.
13:05:42.727 [Test worker] DEBUG org.springframework.test.context.support.ActiveProfilesUtils - Could not find an 'annotation declaring class' for annotation type [org.springframework.test.context.ActiveProfiles] and class [blahg.models.PostTest]
13:05:42.791 [Test worker] DEBUG org.springframework.context.annotation.ClassPathScanningCandidateComponentProvider - Identified candidate component class: file [/Users/Travis/Development/8th-Light/Apprenticeship/sandbox/blahg/build/classes/java/main/blahg/Application.class]
13:05:42.793 [Test worker] INFO org.springframework.boot.test.context.SpringBootTestContextBootstrapper - Found @SpringBootConfiguration blahg.Application for test class blahg.models.PostTest
13:05:42.880 [Test worker] DEBUG org.springframework.boot.test.context.SpringBootTestContextBootstrapper - @TestExecutionListeners is not present for class [blahg.models.PostTest]: using defaults.
13:05:42.881 [Test worker] INFO org.springframework.boot.test.context.SpringBootTestContextBootstrapper - Loaded default TestExecutionListener class names from location [META-INF/spring.factories]: [org.springframework.boot.test.autoconfigure.restdocs.RestDocsTestExecutionListener, org.springframework.boot.test.autoconfigure.web.client.MockRestServiceServerResetTestExecutionListener, org.springframework.boot.test.autoconfigure.web.servlet.MockMvcPrintOnlyOnFailureTestExecutionListener, org.springframework.boot.test.autoconfigure.web.servlet.WebDriverTestExecutionListener, org.springframework.boot.test.mock.mockito.MockitoTestExecutionListener, org.springframework.boot.test.mock.mockito.ResetMocksTestExecutionListener, org.springframework.test.context.web.ServletTestExecutionListener, org.springframework.test.context.support.DirtiesContextBeforeModesTestExecutionListener, org.springframework.test.context.support.DependencyInjectionTestExecutionListener, org.springframework.test.context.support.DirtiesContextTestExecutionListener, org.springframework.test.context.transaction.TransactionalTestExecutionListener, org.springframework.test.context.jdbc.SqlScriptsTestExecutionListener]
13:05:42.894 [Test worker] INFO org.springframework.boot.test.context.SpringBootTestContextBootstrapper - Using TestExecutionListeners: [org.springframework.test.context.web.ServletTestExecutionListener@74e55ec2, org.springframework.test.context.support.DirtiesContextBeforeModesTestExecutionListener@628418a9, org.springframework.boot.test.mock.mockito.MockitoTestExecutionListener@282abf46, org.springframework.boot.test.autoconfigure.SpringBootDependencyInjectionTestExecutionListener@799f035d, org.springframework.test.context.support.DirtiesContextTestExecutionListener@27d251e2, org.springframework.test.context.transaction.TransactionalTestExecutionListener@65d144e1, org.springframework.test.context.jdbc.SqlScriptsTestExecutionListener@18fc1792, org.springframework.boot.test.autoconfigure.restdocs.RestDocsTestExecutionListener@19f86a3b, org.springframework.boot.test.autoconfigure.web.client.MockRestServiceServerResetTestExecutionListener@2c1075a7, org.springframework.boot.test.autoconfigure.web.servlet.MockMvcPrintOnlyOnFailureTestExecutionListener@4309da88, org.springframework.boot.test.autoconfigure.web.servlet.WebDriverTestExecutionListener@3b3115fc, org.springframework.boot.test.mock.mockito.ResetMocksTestExecutionListener@61420913]
13:05:42.896 [Test worker] DEBUG org.springframework.test.annotation.ProfileValueUtils - Retrieved @ProfileValueSourceConfiguration [null] for test class [blahg.models.PostTest]
13:05:42.897 [Test worker] DEBUG org.springframework.test.annotation.ProfileValueUtils - Retrieved ProfileValueSource type [class org.springframework.test.annotation.SystemProfileValueSource] for class [blahg.models.PostTest]
13:05:42.897 [Test worker] DEBUG org.springframework.test.annotation.ProfileValueUtils - Retrieved @ProfileValueSourceConfiguration [null] for test class [blahg.models.PostTest]
13:05:42.897 [Test worker] DEBUG org.springframework.test.annotation.ProfileValueUtils - Retrieved ProfileValueSource type [class org.springframework.test.annotation.SystemProfileValueSource] for class [blahg.models.PostTest]
13:05:42.901 [Test worker] DEBUG org.springframework.test.context.support.AbstractDirtiesContextTestExecutionListener - Before test class: context [DefaultTestContext@11b8e334 testClass = PostTest, testInstance = [null], testMethod = [null], testException = [null], mergedContextConfiguration = [WebMergedContextConfiguration@5d29f495 testClass = PostTest, locations = '{}', classes = '{class blahg.Application}', contextInitializerClasses = '[]', activeProfiles = '{}', propertySourceLocations = '{}', propertySourceProperties = '{spring.config.name=blahg-test-h2, blahg.trx.datasource.url=jdbc:h2:mem:trxServiceStatus, org.springframework.boot.test.context.SpringBootTestContextBootstrapper=true}', contextCustomizers = set[org.springframework.boot.test.autoconfigure.properties.PropertyMappingContextCustomizer@0, org.springframework.boot.test.autoconfigure.web.servlet.WebDriverContextCustomizerFactory$Customizer@19ec180e, org.springframework.boot.test.context.filter.ExcludeFilterContextCustomizer@6ecad0ab, org.springframework.boot.test.json.DuplicateJsonObjectContextCustomizerFactory$DuplicateJsonObjectContextCustomizer@7b5646f1, org.springframework.boot.test.mock.mockito.MockitoContextCustomizer@0, org.springframework.boot.test.web.client.TestRestTemplateContextCustomizer@3f2be97c], resourceBasePath = 'src/main/webapp', contextLoader = 'org.springframework.boot.test.context.SpringBootContextLoader', parent = [null]], attributes = map['org.springframework.test.context.web.ServletTestExecutionListener.activateListener' -> true]], class annotated with @DirtiesContext [true] with mode [BEFORE_EACH_TEST_METHOD].
13:05:42.902 [Test worker] DEBUG org.springframework.test.annotation.ProfileValueUtils - Retrieved @ProfileValueSourceConfiguration [null] for test class [blahg.models.PostTest]
13:05:42.902 [Test worker] DEBUG org.springframework.test.annotation.ProfileValueUtils - Retrieved ProfileValueSource type [class org.springframework.test.annotation.SystemProfileValueSource] for class [blahg.models.PostTest]
13:05:42.920 [Test worker] DEBUG org.springframework.test.context.support.TestPropertySourceUtils - Adding inlined properties to environment: {spring.jmx.enabled=false, spring.config.name=blahg-test-h2, blahg.trx.datasource.url=jdbc:h2:mem:trxServiceStatus, org.springframework.boot.test.context.SpringBootTestContextBootstrapper=true, server.port=-1}

  .   ____          _            __ _ _
 /\\ / ___'_ __ _ _(_)_ __  __ _ \ \ \ \
( ( )\___ | '_ | '_| | '_ \/ _` | \ \ \ \
 \\/  ___)| |_)| | | | | || (_| |  ) ) ) )
  '  |____| .__|_| |_|_| |_\__, | / / / /
 =========|_|==============|___/=/_/_/_/
 :: Spring Boot ::        (v2.1.6.RELEASE)

2019-08-26 13:05:43.115  INFO 10375 --- [    Test worker] blahg.models.PostTest                    : Starting PostTest on MacBook-Pro-4 with PID 10375 (started by Travis in /Users/Travis/Development/8th-Light/Apprenticeship/sandbox/blahg)
2019-08-26 13:05:43.117  INFO 10375 --- [    Test worker] blahg.models.PostTest                    : No active profile set, falling back to default profiles: default
2019-08-26 13:05:43.726  INFO 10375 --- [    Test worker] .s.d.r.c.RepositoryConfigurationDelegate : Bootstrapping Spring Data repositories in DEFAULT mode.
2019-08-26 13:05:43.790  INFO 10375 --- [    Test worker] .s.d.r.c.RepositoryConfigurationDelegate : Finished Spring Data repository scanning in 57ms. Found 1 repository interfaces.
2019-08-26 13:05:44.164  INFO 10375 --- [    Test worker] trationDelegate$BeanPostProcessorChecker : Bean 'org.springframework.transaction.annotation.ProxyTransactionManagementConfiguration' of type [org.springframework.transaction.annotation.ProxyTransactionManagementConfiguration$$EnhancerBySpringCGLIB$$5992290e] is not eligible for getting processed by all BeanPostProcessors (for example: not eligible for auto-proxying)
2019-08-26 13:05:44.345  INFO 10375 --- [    Test worker] com.zaxxer.hikari.HikariDataSource       : HikariPool-1 - Starting...
2019-08-26 13:05:44.532  INFO 10375 --- [    Test worker] com.zaxxer.hikari.HikariDataSource       : HikariPool-1 - Start completed.
2019-08-26 13:05:44.616  INFO 10375 --- [    Test worker] o.hibernate.jpa.internal.util.LogHelper  : HHH000204: Processing PersistenceUnitInfo [
	name: default
	...]
2019-08-26 13:05:44.673  INFO 10375 --- [    Test worker] org.hibernate.Version                    : HHH000412: Hibernate Core {5.3.10.Final}
2019-08-26 13:05:44.674  INFO 10375 --- [    Test worker] org.hibernate.cfg.Environment            : HHH000206: hibernate.properties not found
2019-08-26 13:05:44.800  INFO 10375 --- [    Test worker] o.hibernate.annotations.common.Version   : HCANN000001: Hibernate Commons Annotations {5.0.4.Final}
2019-08-26 13:05:44.933  INFO 10375 --- [    Test worker] org.hibernate.dialect.Dialect            : HHH000400: Using dialect: org.hibernate.dialect.H2Dialect
2019-08-26 13:05:45.488  INFO 10375 --- [    Test worker] o.h.t.schema.internal.SchemaCreatorImpl  : HHH000476: Executing import script 'org.hibernate.tool.schema.internal.exec.ScriptSourceInputNonExistentImpl@5b797a55'
2019-08-26 13:05:45.491  INFO 10375 --- [    Test worker] j.LocalContainerEntityManagerFactoryBean : Initialized JPA EntityManagerFactory for persistence unit 'default'
2019-08-26 13:05:46.304  INFO 10375 --- [    Test worker] o.s.s.concurrent.ThreadPoolTaskExecutor  : Initializing ExecutorService 'applicationTaskExecutor'
2019-08-26 13:05:46.354  WARN 10375 --- [    Test worker] aWebConfiguration$JpaWebMvcConfiguration : spring.jpa.open-in-view is enabled by default. Therefore, database queries may be performed during view rendering. Explicitly configure spring.jpa.open-in-view to disable this warning
2019-08-26 13:05:46.642  INFO 10375 --- [    Test worker] blahg.models.PostTest                    : Started PostTest in 3.704 seconds (JVM running for 4.537)
2019-08-26 13:05:46.692  INFO 10375 --- [    Test worker] blahg.LoadDatabase                       : Preloading Post(id=1, title=Plumbus, body=Welcome to the exciting world of Plumbus ownership! A Plumbus will aid many things in life, making life easier. With proper maintenance, handling, storage, and urging, Plumbus will provide you with a lifetime of better living and happiness.)
2019-08-26 13:05:46.694  INFO 10375 --- [    Test worker] blahg.LoadDatabase                       : Preloading Post(id=2, title=Otter Space, body=A treatise on the ecology and territorial behaviors of river otters.)
2019-08-26 13:05:46.712  INFO 10375 --- [    Test worker] o.s.s.concurrent.ThreadPoolTaskExecutor  : Shutting down ExecutorService 'applicationTaskExecutor'
2019-08-26 13:05:46.713  INFO 10375 --- [    Test worker] j.LocalContainerEntityManagerFactoryBean : Closing JPA EntityManagerFactory for persistence unit 'default'
2019-08-26 13:05:46.713  INFO 10375 --- [    Test worker] .SchemaDropperImpl$DelayedDropActionImpl : HHH000477: Starting delayed evictData of schema as part of SessionFactory shut-down'
2019-08-26 13:05:46.718  INFO 10375 --- [    Test worker] com.zaxxer.hikari.HikariDataSource       : HikariPool-1 - Shutdown initiated...
2019-08-26 13:05:46.720  INFO 10375 --- [    Test worker] com.zaxxer.hikari.HikariDataSource       : HikariPool-1 - Shutdown completed.

  .   ____          _            __ _ _
 /\\ / ___'_ __ _ _(_)_ __  __ _ \ \ \ \
( ( )\___ | '_ | '_| | '_ \/ _` | \ \ \ \
 \\/  ___)| |_)| | | | | || (_| |  ) ) ) )
  '  |____| .__|_| |_|_| |_\__, | / / / /
 =========|_|==============|___/=/_/_/_/
 :: Spring Boot ::        (v2.1.6.RELEASE)

2019-08-26 13:05:46.740  INFO 10375 --- [    Test worker] blahg.models.PostTest                    : Starting PostTest on MacBook-Pro-4 with PID 10375 (started by Travis in /Users/Travis/Development/8th-Light/Apprenticeship/sandbox/blahg)
2019-08-26 13:05:46.740  INFO 10375 --- [    Test worker] blahg.models.PostTest                    : No active profile set, falling back to default profiles: default
2019-08-26 13:05:46.872  INFO 10375 --- [    Test worker] .s.d.r.c.RepositoryConfigurationDelegate : Bootstrapping Spring Data repositories in DEFAULT mode.
2019-08-26 13:05:46.880  INFO 10375 --- [    Test worker] .s.d.r.c.RepositoryConfigurationDelegate : Finished Spring Data repository scanning in 8ms. Found 1 repository interfaces.
2019-08-26 13:05:46.939  INFO 10375 --- [    Test worker] trationDelegate$BeanPostProcessorChecker : Bean 'org.springframework.transaction.annotation.ProxyTransactionManagementConfiguration' of type [org.springframework.transaction.annotation.ProxyTransactionManagementConfiguration$$EnhancerBySpringCGLIB$$5992290e] is not eligible for getting processed by all BeanPostProcessors (for example: not eligible for auto-proxying)
2019-08-26 13:05:46.997  INFO 10375 --- [    Test worker] com.zaxxer.hikari.HikariDataSource       : HikariPool-2 - Starting...
2019-08-26 13:05:46.998  INFO 10375 --- [    Test worker] com.zaxxer.hikari.HikariDataSource       : HikariPool-2 - Start completed.
2019-08-26 13:05:47.014  INFO 10375 --- [    Test worker] o.hibernate.jpa.internal.util.LogHelper  : HHH000204: Processing PersistenceUnitInfo [
	name: default
	...]
2019-08-26 13:05:47.018  INFO 10375 --- [    Test worker] org.hibernate.dialect.Dialect            : HHH000400: Using dialect: org.hibernate.dialect.H2Dialect
2019-08-26 13:05:47.055  INFO 10375 --- [    Test worker] o.h.t.schema.internal.SchemaCreatorImpl  : HHH000476: Executing import script 'org.hibernate.tool.schema.internal.exec.ScriptSourceInputNonExistentImpl@5b797a55'
2019-08-26 13:05:47.055  INFO 10375 --- [    Test worker] j.LocalContainerEntityManagerFactoryBean : Initialized JPA EntityManagerFactory for persistence unit 'default'
2019-08-26 13:05:47.338  INFO 10375 --- [    Test worker] o.s.s.concurrent.ThreadPoolTaskExecutor  : Initializing ExecutorService 'applicationTaskExecutor'
2019-08-26 13:05:47.349  WARN 10375 --- [    Test worker] aWebConfiguration$JpaWebMvcConfiguration : spring.jpa.open-in-view is enabled by default. Therefore, database queries may be performed during view rendering. Explicitly configure spring.jpa.open-in-view to disable this warning
2019-08-26 13:05:47.568  INFO 10375 --- [    Test worker] blahg.models.PostTest                    : Started PostTest in 0.845 seconds (JVM running for 5.463)
2019-08-26 13:05:47.573  INFO 10375 --- [    Test worker] blahg.LoadDatabase                       : Preloading Post(id=1, title=Plumbus, body=Welcome to the exciting world of Plumbus ownership! A Plumbus will aid many things in life, making life easier. With proper maintenance, handling, storage, and urging, Plumbus will provide you with a lifetime of better living and happiness.)
2019-08-26 13:05:47.575  INFO 10375 --- [    Test worker] blahg.LoadDatabase                       : Preloading Post(id=2, title=Otter Space, body=A treatise on the ecology and territorial behaviors of river otters.)
]]></system-out>
  <system-err><![CDATA[]]></system-err>
</testsuite>
